# Chunk-averaged data for fix avegroupO and group groupO
# Timestep Number-of-chunks Total-count
# Chunk Coord1 Ncount density/number
2000000 1748 1024000.0000000013
  1 0.01 0.29331 0.0120108
  2 0.03 0.290438 0.0118932
  3 0.05 0.288754 0.0118242
  4 0.07 0.290288 0.011887
  5 0.09 0.290492 0.0118954
  6 0.11 0.292186 0.0119647
  7 0.13 0.292186 0.0119647
  8 0.15 0.292774 0.0119888
  9 0.17 0.292822 0.0119908
  10 0.19 0.290593 0.0118995
  11 0.21 0.290619 0.0119006
  12 0.23 0.290636 0.0119013
  13 0.25 0.290685 0.0119033
  14 0.27 0.292681 0.011985
  15 0.29 0.291837 0.0119505
  16 0.31 0.292703 0.0119859
  17 0.33 0.293882 0.0120342
  18 0.35 0.293335 0.0120118
  19 0.37 0.291312 0.011929
  20 0.39 0.290468 0.0118944
  21 0.41 0.292126 0.0119623
  22 0.43 0.291714 0.0119454
  23 0.45 0.290621 0.0119007
  24 0.47 0.291044 0.011918
  25 0.49 0.292952 0.0119961
  26 0.51 0.292578 0.0119808
  27 0.53 0.293163 0.0120047
  28 0.55 0.292686 0.0119852
  29 0.57 0.290755 0.0119062
  30 0.59 0.289953 0.0118733
  31 0.61 0.291072 0.0119191
  32 0.63 0.292751 0.0119879
  33 0.65 0.292594 0.0119814
  34 0.67 0.292444 0.0119753
  35 0.69 0.292626 0.0119828
  36 0.71 0.291099 0.0119202
  37 0.73 0.292265 0.011968
  38 0.75 0.292267 0.0119681
  39 0.77 0.290426 0.0118927
  40 0.79 0.290068 0.011878
  41 0.81 0.290761 0.0119064
  42 0.83 0.290398 0.0118915
  43 0.85 0.290037 0.0118768
  44 0.87 0.292345 0.0119712
  45 0.89 0.293664 0.0120253
  46 0.91 0.293547 0.0120205
  47 0.93 0.291845 0.0119508
  48 0.95 0.291357 0.0119308
  49 0.97 0.292621 0.0119825
  50 0.99 0.292129 0.0119624
  51 1.01 0.293547 0.0120205
  52 1.03 0.295393 0.0120961
  53 1.05 0.294232 0.0120486
  54 1.07 0.295128 0.0120852
  55 1.09 0.293413 0.012015
  56 1.11 0.293125 0.0120032
  57 1.13 0.291992 0.0119568
  58 1.15 0.292408 0.0119738
  59 1.17 0.291446 0.0119344
  60 1.19 0.292524 0.0119786
  61 1.21 0.293636 0.0120241
  62 1.23 0.29411 0.0120435
  63 1.25 0.295475 0.0120995
  64 1.27 0.294737 0.0120692
  65 1.29 0.293523 0.0120195
  66 1.31 0.292853 0.0119921
  67 1.33 0.292997 0.011998
  68 1.35 0.293283 0.0120097
  69 1.37 0.293837 0.0120324
  70 1.39 0.294396 0.0120553
  71 1.41 0.294847 0.0120737
  72 1.43 0.293717 0.0120274
  73 1.45 0.294454 0.0120576
  74 1.47 0.293333 0.0120117
  75 1.49 0.295477 0.0120995
  76 1.51 0.294275 0.0120503
  77 1.53 0.295033 0.0120813
  78 1.55 0.293266 0.012009
  79 1.57 0.294962 0.0120784
  80 1.59 0.29661 0.0121459
  81 1.61 0.295268 0.0120909
  82 1.63 0.295464 0.012099
  83 1.65 0.29559 0.0121041
  84 1.67 0.296746 0.0121515
  85 1.69 0.296272 0.012132
  86 1.71 0.296019 0.0121217
  87 1.73 0.293448 0.0120164
  88 1.75 0.294956 0.0120782
  89 1.77 0.294929 0.0120771
  90 1.79 0.294799 0.0120717
  91 1.81 0.293757 0.0120291
  92 1.83 0.292613 0.0119823
  93 1.85 0.294663 0.0120662
  94 1.87 0.293857 0.0120332
  95 1.89 0.294676 0.0120667
  96 1.91 0.29555 0.0121025
  97 1.93 0.296723 0.0121505
  98 1.95 0.296997 0.0121618
  99 1.97 0.294959 0.0120783
  100 1.99 0.293954 0.0120371
  101 2.01 0.294218 0.012048
  102 2.03 0.295865 0.0121154
  103 2.05 0.297139 0.0121676
  104 2.07 0.295385 0.0120957
  105 2.09 0.296533 0.0121427
  106 2.11 0.297234 0.0121715
  107 2.13 0.294677 0.0120668
  108 2.15 0.295864 0.0121154
  109 2.17 0.294781 0.012071
  110 2.19 0.294938 0.0120774
  111 2.21 0.295978 0.01212
  112 2.23 0.294022 0.0120399
  113 2.25 0.295449 0.0120984
  114 2.27 0.294475 0.0120585
  115 2.29 0.298304 0.0122153
  116 2.31 0.29839 0.0122188
  117 2.33 0.297051 0.0121639
  118 2.35 0.295785 0.0121121
  119 2.37 0.296875 0.0121568
  120 2.39 0.298882 0.0122389
  121 2.41 0.296898 0.0121577
  122 2.43 0.298547 0.0122252
  123 2.45 0.293385 0.0120138
  124 2.47 0.294422 0.0120563
  125 2.49 0.292355 0.0119717
  126 2.51 0.293565 0.0120212
  127 2.53 0.293235 0.0120077
  128 2.55 0.294582 0.0120629
  129 2.57 0.293906 0.0120352
  130 2.59 0.294151 0.0120452
  131 2.61 0.293713 0.0120273
  132 2.63 0.293129 0.0120034
  133 2.65 0.291427 0.0119337
  134 2.67 0.292884 0.0119933
  135 2.69 0.293266 0.012009
  136 2.71 0.294593 0.0120633
  137 2.73 0.294839 0.0120734
  138 2.75 0.295628 0.0121057
  139 2.77 0.297499 0.0121823
  140 2.79 0.295015 0.0120806
  141 2.81 0.295772 0.0121116
  142 2.83 0.297154 0.0121682
  143 2.85 0.295175 0.0120871
  144 2.87 0.296682 0.0121488
  145 2.89 0.295913 0.0121173
  146 2.91 0.295813 0.0121133
  147 2.93 0.294769 0.0120705
  148 2.95 0.293809 0.0120312
  149 2.97 0.294244 0.012049
  150 2.99 0.294006 0.0120393
  151 3.01 0.29404 0.0120407
  152 3.03 0.294437 0.0120569
  153 3.05 0.296531 0.0121427
  154 3.07 0.295123 0.012085
  155 3.09 0.295874 0.0121158
  156 3.11 0.295069 0.0120828
  157 3.13 0.295337 0.0120938
  158 3.15 0.294667 0.0120664
  159 3.17 0.295789 0.0121123
  160 3.19 0.294337 0.0120528
  161 3.21 0.293286 0.0120098
  162 3.23 0.290981 0.0119154
  163 3.25 0.291927 0.0119542
  164 3.27 0.29415 0.0120452
  165 3.29 0.29374 0.0120284
  166 3.31 0.293208 0.0120066
  167 3.33 0.294124 0.0120441
  168 3.35 0.294299 0.0120513
  169 3.37 0.294755 0.0120699
  170 3.39 0.296043 0.0121227
  171 3.41 0.293858 0.0120332
  172 3.43 0.295105 0.0120843
  173 3.45 0.294773 0.0120707
  174 3.47 0.296363 0.0121358
  175 3.49 0.293822 0.0120317
  176 3.51 0.294791 0.0120714
  177 3.53 0.295844 0.0121146
  178 3.55 0.296976 0.0121609
  179 3.57 0.296645 0.0121473
  180 3.59 0.296436 0.0121388
  181 3.61 0.293501 0.0120186
  182 3.63 0.294341 0.012053
  183 3.65 0.293842 0.0120326
  184 3.67 0.292615 0.0119823
  185 3.69 0.295468 0.0120992
  186 3.71 0.295381 0.0120956
  187 3.73 0.29604 0.0121225
  188 3.75 0.292453 0.0119757
  189 3.77 0.292171 0.0119641
  190 3.79 0.294281 0.0120505
  191 3.81 0.296668 0.0121483
  192 3.83 0.294519 0.0120603
  193 3.85 0.294075 0.0120421
  194 3.87 0.293708 0.0120271
  195 3.89 0.29367 0.0120255
  196 3.91 0.29505 0.012082
  197 3.93 0.293924 0.0120359
  198 3.95 0.293575 0.0120216
  199 3.97 0.293131 0.0120034
  200 3.99 0.294455 0.0120577
  201 4.01 0.293917 0.0120356
  202 4.03 0.291356 0.0119308
  203 4.05 0.292077 0.0119603
  204 4.07 0.292198 0.0119652
  205 4.09 0.290034 0.0118766
  206 4.11 0.288902 0.0118303
  207 4.13 0.291381 0.0119318
  208 4.15 0.292599 0.0119817
  209 4.17 0.293179 0.0120054
  210 4.19 0.294968 0.0120787
  211 4.21 0.294568 0.0120623
  212 4.23 0.294762 0.0120702
  213 4.25 0.296013 0.0121214
  214 4.27 0.293844 0.0120326
  215 4.29 0.294726 0.0120688
  216 4.31 0.292157 0.0119635
  217 4.33 0.293753 0.0120289
  218 4.35 0.293364 0.012013
  219 4.37 0.293845 0.0120327
  220 4.39 0.294411 0.0120558
  221 4.41 0.294035 0.0120405
  222 4.43 0.293745 0.0120286
  223 4.45 0.292507 0.0119779
  224 4.47 0.293676 0.0120258
  225 4.49 0.294154 0.0120454
  226 4.51 0.2929 0.011994
  227 4.53 0.29278 0.0119891
  228 4.55 0.294564 0.0120621
  229 4.57 0.29604 0.0121226
  230 4.59 0.293763 0.0120293
  231 4.61 0.294011 0.0120395
  232 4.63 0.294069 0.0120419
  233 4.65 0.293445 0.0120163
  234 4.67 0.292845 0.0119917
  235 4.69 0.294011 0.0120395
  236 4.71 0.294903 0.012076
  237 4.73 0.29365 0.0120247
  238 4.75 0.293029 0.0119993
  239 4.77 0.293133 0.0120035
  240 4.79 0.294283 0.0120506
  241 4.81 0.294656 0.0120659
  242 4.83 0.295858 0.0121151
  243 4.85 0.294412 0.0120559
  244 4.87 0.29594 0.0121185
  245 4.89 0.295722 0.0121096
  246 4.91 0.297696 0.0121904
  247 4.93 0.29786 0.0121971
  248 4.95 0.297853 0.0121968
  249 4.97 0.296712 0.0121501
  250 4.99 0.295469 0.0120992
  251 5.01 0.294822 0.0120727
  252 5.03 0.295105 0.0120843
  253 5.05 0.293686 0.0120262
  254 5.07 0.292974 0.011997
  255 5.09 0.290974 0.0119151
  256 5.11 0.291054 0.0119184
  257 5.13 0.290994 0.011916
  258 5.15 0.291926 0.0119541
  259 5.17 0.292855 0.0119921
  260 5.19 0.29329 0.01201
  261 5.21 0.295071 0.0120829
  262 5.23 0.295396 0.0120962
  263 5.25 0.294471 0.0120583
  264 5.27 0.294439 0.012057
  265 5.29 0.295525 0.0121015
  266 5.31 0.293893 0.0120346
  267 5.33 0.293517 0.0120193
  268 5.35 0.293854 0.0120331
  269 5.37 0.292452 0.0119756
  270 5.39 0.293659 0.0120251
  271 5.41 0.29221 0.0119658
  272 5.43 0.291058 0.0119186
  273 5.45 0.292122 0.0119621
  274 5.47 0.293242 0.012008
  275 5.49 0.294857 0.0120741
  276 5.51 0.293904 0.0120351
  277 5.53 0.295737 0.0121102
  278 5.55 0.29301 0.0119985
  279 5.57 0.295651 0.0121066
  280 5.59 0.29455 0.0120616
  281 5.61 0.293199 0.0120062
  282 5.63 0.292141 0.0119629
  283 5.65 0.290147 0.0118813
  284 5.67 0.293435 0.0120159
  285 5.69 0.293652 0.0120248
  286 5.71 0.29229 0.011969
  287 5.73 0.293172 0.0120051
  288 5.75 0.293045 0.0119999
  289 5.77 0.292344 0.0119712
  290 5.79 0.294997 0.0120798
  291 5.81 0.293419 0.0120153
  292 5.83 0.291534 0.011938
  293 5.85 0.290832 0.0119093
  294 5.87 0.292663 0.0119843
  295 5.89 0.290862 0.0119105
  296 5.91 0.290995 0.011916
  297 5.93 0.294323 0.0120523
  298 5.95 0.2937 0.0120267
  299 5.97 0.296353 0.0121354
  300 5.99 0.295998 0.0121208
  301 6.01 0.293579 0.0120218
  302 6.03 0.2947 0.0120677
  303 6.05 0.294934 0.0120773
  304 6.07 0.298361 0.0122176
  305 6.09 0.298519 0.0122241
  306 6.11 0.297338 0.0121757
  307 6.13 0.296098 0.0121249
  308 6.15 0.297184 0.0121694
  309 6.17 0.293514 0.0120191
  310 6.19 0.296332 0.0121345
  311 6.21 0.296486 0.0121408
  312 6.23 0.298624 0.0122284
  313 6.25 0.295593 0.0121043
  314 6.27 0.297167 0.0121687
  315 6.29 0.297339 0.0121758
  316 6.31 0.297111 0.0121664
  317 6.33 0.296402 0.0121374
  318 6.35 0.296036 0.0121224
  319 6.37 0.29411 0.0120435
  320 6.39 0.295395 0.0120962
  321 6.41 0.296372 0.0121362
  322 6.43 0.297905 0.012199
  323 6.45 0.299292 0.0122557
  324 6.47 0.296939 0.0121594
  325 6.49 0.295835 0.0121142
  326 6.51 0.29485 0.0120738
  327 6.53 0.294985 0.0120794
  328 6.55 0.294969 0.0120787
  329 6.57 0.295004 0.0120801
  330 6.59 0.29419 0.0120468
  331 6.61 0.294764 0.0120703
  332 6.63 0.295988 0.0121205
  333 6.65 0.295845 0.0121146
  334 6.67 0.297085 0.0121654
  335 6.69 0.295929 0.012118
  336 6.71 0.294704 0.0120678
  337 6.73 0.294142 0.0120448
  338 6.75 0.293519 0.0120194
  339 6.77 0.291845 0.0119508
  340 6.79 0.292507 0.0119779
  341 6.81 0.29373 0.012028
  342 6.83 0.296826 0.0121548
  343 6.85 0.297576 0.0121855
  344 6.87 0.298469 0.012222
  345 6.89 0.296993 0.0121616
  346 6.91 0.29367 0.0120255
  347 6.93 0.293198 0.0120062
  348 6.95 0.296089 0.0121246
  349 6.97 0.295552 0.0121026
  350 6.99 0.296583 0.0121448
  351 7.01 0.295194 0.0120879
  352 7.03 0.295037 0.0120815
  353 7.05 0.296579 0.0121446
  354 7.07 0.297505 0.0121826
  355 7.09 0.296603 0.0121456
  356 7.11 0.296238 0.0121307
  357 7.13 0.294801 0.0120718
  358 7.15 0.29641 0.0121377
  359 7.17 0.295636 0.012106
  360 7.19 0.295348 0.0120943
  361 7.21 0.292995 0.0119979
  362 7.23 0.29552 0.0121013
  363 7.25 0.294291 0.012051
  364 7.27 0.294052 0.0120412
  365 7.29 0.29383 0.0120321
  366 7.31 0.295739 0.0121103
  367 7.33 0.298153 0.0122091
  368 7.35 0.297244 0.0121718
  369 7.37 0.297273 0.0121731
  370 7.39 0.297752 0.0121927
  371 7.41 0.296873 0.0121567
  372 7.43 0.296459 0.0121397
  373 7.45 0.295606 0.0121048
  374 7.47 0.297174 0.012169
  375 7.49 0.296906 0.012158
  376 7.51 0.296738 0.0121512
  377 7.53 0.296794 0.0121534
  378 7.55 0.297043 0.0121636
  379 7.57 0.297185 0.0121695
  380 7.59 0.297285 0.0121735
  381 7.61 0.296005 0.0121211
  382 7.63 0.296175 0.0121281
  383 7.65 0.296738 0.0121511
  384 7.67 0.2953 0.0120922
  385 7.69 0.294894 0.0120756
  386 7.71 0.296079 0.0121242
  387 7.73 0.295713 0.0121092
  388 7.75 0.294555 0.0120618
  389 7.77 0.295616 0.0121052
  390 7.79 0.295287 0.0120917
  391 7.81 0.296227 0.0121302
  392 7.83 0.296229 0.0121303
  393 7.85 0.29714 0.0121676
  394 7.87 0.298962 0.0122422
  395 7.89 0.298182 0.0122103
  396 7.91 0.297791 0.0121943
  397 7.93 0.295685 0.012108
  398 7.95 0.295558 0.0121028
  399 7.97 0.296515 0.012142
  400 7.99 0.294018 0.0120398
  401 8.01 0.295326 0.0120933
  402 8.03 0.295132 0.0120854
  403 8.05 0.294888 0.0120754
  404 8.07 0.296965 0.0121605
  405 8.09 0.297789 0.0121942
  406 8.11 0.297088 0.0121655
  407 8.13 0.296004 0.0121211
  408 8.15 0.296474 0.0121403
  409 8.17 0.295649 0.0121066
  410 8.19 0.296197 0.012129
  411 8.21 0.296544 0.0121432
  412 8.23 0.295378 0.0120955
  413 8.25 0.297129 0.0121672
  414 8.27 0.294794 0.0120715
  415 8.29 0.294151 0.0120452
  416 8.31 0.295175 0.0120872
  417 8.33 0.295813 0.0121133
  418 8.35 0.296872 0.0121566
  419 8.37 0.29756 0.0121848
  420 8.39 0.297725 0.0121916
  421 8.41 0.293365 0.012013
  422 8.43 0.293569 0.0120214
  423 8.45 0.295548 0.0121024
  424 8.47 0.295426 0.0120974
  425 8.49 0.294673 0.0120666
  426 8.51 0.295387 0.0120958
  427 8.53 0.295318 0.012093
  428 8.55 0.296103 0.0121251
  429 8.57 0.295106 0.0120843
  430 8.59 0.295338 0.0120938
  431 8.61 0.297349 0.0121762
  432 8.63 0.297446 0.0121801
  433 8.65 0.294801 0.0120718
  434 8.67 0.293793 0.0120305
  435 8.69 0.297282 0.0121734
  436 8.71 0.297237 0.0121716
  437 8.73 0.297189 0.0121696
  438 8.75 0.297702 0.0121906
  439 8.77 0.296589 0.012145
  440 8.79 0.298909 0.01224
  441 8.81 0.296765 0.0121523
  442 8.83 0.297395 0.0121781
  443 8.85 0.296258 0.0121315
  444 8.87 0.29774 0.0121922
  445 8.89 0.293689 0.0120263
  446 8.91 0.295432 0.0120977
  447 8.93 0.297549 0.0121844
  448 8.95 0.296483 0.0121407
  449 8.97 0.295573 0.0121034
  450 8.99 0.295773 0.0121116
  451 9.01 0.297823 0.0121956
  452 9.03 0.294639 0.0120652
  453 9.05 0.297541 0.012184
  454 9.07 0.296833 0.012155
  455 9.09 0.295376 0.0120954
  456 9.11 0.296143 0.0121268
  457 9.13 0.296272 0.012132
  458 9.15 0.29587 0.0121156
  459 9.17 0.295214 0.0120887
  460 9.19 0.299318 0.0122568
  461 9.21 0.298974 0.0122427
  462 9.23 0.299515 0.0122648
  463 9.25 0.298693 0.0122312
  464 9.27 0.297455 0.0121805
  465 9.29 0.298551 0.0122254
  466 9.31 0.297791 0.0121942
  467 9.33 0.298769 0.0122343
  468 9.35 0.298503 0.0122234
  469 9.37 0.299451 0.0122622
  470 9.39 0.301798 0.0123584
  471 9.41 0.301332 0.0123393
  472 9.43 0.300379 0.0123003
  473 9.45 0.295957 0.0121192
  474 9.47 0.29775 0.0121926
  475 9.49 0.296372 0.0121362
  476 9.51 0.296306 0.0121334
  477 9.53 0.296336 0.0121347
  478 9.55 0.297152 0.0121681
  479 9.57 0.297379 0.0121774
  480 9.59 0.299627 0.0122695
  481 9.61 0.298313 0.0122156
  482 9.63 0.297491 0.012182
  483 9.65 0.297651 0.0121885
  484 9.67 0.299408 0.0122605
  485 9.69 0.300377 0.0123001
  486 9.71 0.30174 0.012356
  487 9.73 0.299762 0.012275
  488 9.75 0.299774 0.0122755
  489 9.77 0.301609 0.0123506
  490 9.79 0.300581 0.0123085
  491 9.81 0.300474 0.0123042
  492 9.83 0.301669 0.0123531
  493 9.85 0.301073 0.0123287
  494 9.87 0.302197 0.0123747
  495 9.89 0.303245 0.0124176
  496 9.91 0.302987 0.012407
  497 9.93 0.301515 0.0123468
  498 9.95 0.302953 0.0124057
  499 9.97 0.302072 0.0123696
  500 9.99 0.301812 0.0123589
  501 10.01 0.303992 0.0124482
  502 10.03 0.304087 0.0124521
  503 10.05 0.303691 0.0124358
  504 10.07 0.302257 0.0123771
  505 10.09 0.301228 0.012335
  506 10.11 0.301859 0.0123608
  507 10.13 0.304129 0.0124538
  508 10.15 0.30347 0.0124268
  509 10.17 0.302838 0.0124009
  510 10.19 0.304609 0.0124735
  511 10.21 0.305047 0.0124914
  512 10.23 0.304755 0.0124794
  513 10.25 0.305648 0.012516
  514 10.27 0.307365 0.0125863
  515 10.29 0.305995 0.0125302
  516 10.31 0.305323 0.0125027
  517 10.33 0.304699 0.0124772
  518 10.35 0.305459 0.0125082
  519 10.37 0.303077 0.0124107
  520 10.39 0.303239 0.0124174
  521 10.41 0.302429 0.0123842
  522 10.43 0.301981 0.0123659
  523 10.45 0.30295 0.0124055
  524 10.47 0.303707 0.0124365
  525 10.49 0.305259 0.0125001
  526 10.51 0.303115 0.0124123
  527 10.53 0.306303 0.0125428
  528 10.55 0.304148 0.0124546
  529 10.57 0.30429 0.0124604
  530 10.59 0.303474 0.012427
  531 10.61 0.304892 0.012485
  532 10.63 0.304242 0.0124584
  533 10.65 0.302701 0.0123953
  534 10.67 0.303447 0.0124259
  535 10.69 0.301951 0.0123646
  536 10.71 0.302879 0.0124026
  537 10.73 0.302786 0.0123988
  538 10.75 0.302046 0.0123685
  539 10.77 0.304342 0.0124625
  540 10.79 0.302842 0.0124011
  541 10.81 0.304821 0.0124821
  542 10.83 0.303736 0.0124377
  543 10.85 0.302108 0.0123711
  544 10.87 0.302566 0.0123898
  545 10.89 0.30434 0.0124624
  546 10.91 0.30274 0.0123969
  547 10.93 0.303207 0.012416
  548 10.95 0.302391 0.0123826
  549 10.97 0.2998 0.0122765
  550 10.99 0.300192 0.0122926
  551 11.01 0.302614 0.0123918
  552 11.03 0.302734 0.0123967
  553 11.05 0.302212 0.0123753
  554 11.07 0.299759 0.0122749
  555 11.09 0.301674 0.0123533
  556 11.11 0.304302 0.0124609
  557 11.13 0.304361 0.0124633
  558 11.15 0.304163 0.0124552
  559 11.17 0.302548 0.0123891
  560 11.19 0.300225 0.012294
  561 11.21 0.299378 0.0122593
  562 11.23 0.300092 0.0122885
  563 11.25 0.300619 0.0123101
  564 11.27 0.300543 0.012307
  565 11.29 0.299445 0.012262
  566 11.31 0.299812 0.012277
  567 11.33 0.300735 0.0123148
  568 11.35 0.299599 0.0122683
  569 11.37 0.29832 0.0122159
  570 11.39 0.300416 0.0123018
  571 11.41 0.302187 0.0123743
  572 11.43 0.300595 0.0123091
  573 11.45 0.30012 0.0122896
  574 11.47 0.301192 0.0123335
  575 11.49 0.300986 0.0123251
  576 11.51 0.301539 0.0123478
  577 11.53 0.299295 0.0122559
  578 11.55 0.300647 0.0123112
  579 11.57 0.301165 0.0123324
  580 11.59 0.300133 0.0122902
  581 11.61 0.300138 0.0122904
  582 11.63 0.298462 0.0122217
  583 11.65 0.297482 0.0121816
  584 11.67 0.297976 0.0122018
  585 11.69 0.300326 0.0122981
  586 11.71 0.300367 0.0122998
  587 11.73 0.299382 0.0122594
  588 11.75 0.301157 0.0123321
  589 11.77 0.299948 0.0122826
  590 11.79 0.297589 0.012186
  591 11.81 0.297311 0.0121746
  592 11.83 0.299641 0.01227
  593 11.85 0.298235 0.0122124
  594 11.87 0.297065 0.0121645
  595 11.89 0.296771 0.0121525
  596 11.91 0.298262 0.0122136
  597 11.93 0.296198 0.012129
  598 11.95 0.297039 0.0121635
  599 11.97 0.295757 0.012111
  600 11.99 0.297795 0.0121944
  601 12.01 0.297967 0.0122015
  602 12.03 0.300016 0.0122854
  603 12.05 0.298611 0.0122278
  604 12.07 0.299612 0.0122689
  605 12.09 0.299518 0.012265
  606 12.11 0.30018 0.0122921
  607 12.13 0.298582 0.0122267
  608 12.15 0.297744 0.0121923
  609 12.17 0.299311 0.0122565
  610 12.19 0.297901 0.0121988
  611 12.21 0.300168 0.0122916
  612 12.23 0.299531 0.0122655
  613 12.25 0.299277 0.0122551
  614 12.27 0.299244 0.0122538
  615 12.29 0.299272 0.0122549
  616 12.31 0.297446 0.0121801
  617 12.33 0.29833 0.0122163
  618 12.35 0.298409 0.0122196
  619 12.37 0.301047 0.0123276
  620 12.39 0.302807 0.0123997
  621 12.41 0.301458 0.0123444
  622 12.43 0.299989 0.0122843
  623 12.45 0.30083 0.0123187
  624 12.47 0.300905 0.0123218
  625 12.49 0.301536 0.0123476
  626 12.51 0.303528 0.0124292
  627 12.53 0.306366 0.0125454
  628 12.55 0.302613 0.0123917
  629 12.57 0.301366 0.0123407
  630 12.59 0.301695 0.0123541
  631 12.61 0.299435 0.0122616
  632 12.63 0.298454 0.0122214
  633 12.65 0.299555 0.0122665
  634 12.67 0.299379 0.0122593
  635 12.69 0.300555 0.0123074
  636 12.71 0.300716 0.012314
  637 12.73 0.299821 0.0122774
  638 12.75 0.29996 0.0122831
  639 12.77 0.300784 0.0123168
  640 12.79 0.30082 0.0123183
  641 12.81 0.300819 0.0123183
  642 12.83 0.300011 0.0122852
  643 12.85 0.298386 0.0122187
  644 12.87 0.298346 0.012217
  645 12.89 0.298098 0.0122069
  646 12.91 0.29907 0.0122466
  647 12.93 0.297752 0.0121927
  648 12.95 0.299208 0.0122523
  649 12.97 0.298626 0.0122284
  650 12.99 0.299594 0.0122681
  651 13.01 0.29867 0.0122303
  652 13.03 0.298159 0.0122093
  653 13.05 0.299523 0.0122652
  654 13.07 0.300095 0.0122886
  655 13.09 0.301627 0.0123513
  656 13.11 0.301511 0.0123466
  657 13.13 0.302454 0.0123852
  658 13.15 0.299869 0.0122794
  659 13.17 0.299989 0.0122843
  660 13.19 0.297568 0.0121852
  661 13.21 0.298359 0.0122175
  662 13.23 0.296888 0.0121573
  663 13.25 0.299698 0.0122724
  664 13.27 0.299278 0.0122551
  665 13.29 0.300895 0.0123214
  666 13.31 0.302924 0.0124045
  667 13.33 0.302062 0.0123692
  668 13.35 0.301798 0.0123584
  669 13.37 0.301956 0.0123648
  670 13.39 0.303016 0.0124082
  671 13.41 0.303455 0.0124262
  672 13.43 0.301373 0.012341
  673 13.45 0.300777 0.0123166
  674 13.47 0.299595 0.0122681
  675 13.49 0.298708 0.0122318
  676 13.51 0.29947 0.012263
  677 13.53 0.30002 0.0122855
  678 13.55 0.299449 0.0122621
  679 13.57 0.301235 0.0123353
  680 13.59 0.303555 0.0124303
  681 13.61 0.302934 0.0124049
  682 13.63 0.301852 0.0123606
  683 13.65 0.302659 0.0123936
  684 13.67 0.301629 0.0123515
  685 13.69 0.301567 0.0123489
  686 13.71 0.299987 0.0122842
  687 13.73 0.29962 0.0122692
  688 13.75 0.300261 0.0122954
  689 13.77 0.299235 0.0122534
  690 13.79 0.299797 0.0122764
  691 13.81 0.300072 0.0122877
  692 13.83 0.301946 0.0123644
  693 13.85 0.300582 0.0123086
  694 13.87 0.298201 0.0122111
  695 13.89 0.299612 0.0122688
  696 13.91 0.299311 0.0122565
  697 13.93 0.299833 0.0122779
  698 13.95 0.299885 0.01228
  699 13.97 0.301069 0.0123285
  700 13.99 0.30178 0.0123576
  701 14.01 0.301074 0.0123287
  702 14.03 0.299638 0.0122699
  703 14.05 0.300041 0.0122864
  704 14.07 0.30016 0.0122913
  705 14.09 0.301706 0.0123546
  706 14.11 0.300382 0.0123004
  707 14.13 0.300185 0.0122923
  708 14.15 0.300498 0.0123051
  709 14.17 0.2984 0.0122192
  710 14.19 0.301675 0.0123533
  711 14.21 0.300246 0.0122948
  712 14.23 0.300974 0.0123246
  713 14.25 0.299462 0.0122627
  714 14.27 0.298173 0.0122099
  715 14.29 0.298238 0.0122126
  716 14.31 0.29769 0.0121902
  717 14.33 0.298966 0.0122424
  718 14.35 0.299394 0.0122599
  719 14.37 0.300343 0.0122988
  720 14.39 0.299557 0.0122666
  721 14.41 0.298477 0.0122224
  722 14.43 0.297593 0.0121862
  723 14.45 0.29835 0.0122172
  724 14.47 0.296041 0.0121226
  725 14.49 0.298004 0.012203
  726 14.51 0.298474 0.0122222
  727 14.53 0.299111 0.0122483
  728 14.55 0.2978 0.0121946
  729 14.57 0.298609 0.0122278
  730 14.59 0.298165 0.0122096
  731 14.61 0.299742 0.0122742
  732 14.63 0.298398 0.0122191
  733 14.65 0.299633 0.0122697
  734 14.67 0.297801 0.0121947
  735 14.69 0.29799 0.0122024
  736 14.71 0.298402 0.0122193
  737 14.73 0.297112 0.0121664
  738 14.75 0.297133 0.0121673
  739 14.77 0.2978 0.0121946
  740 14.79 0.297744 0.0121923
  741 14.81 0.296303 0.0121333
  742 14.83 0.29886 0.0122381
  743 14.85 0.299021 0.0122447
  744 14.87 0.297738 0.0121921
  745 14.89 0.300014 0.0122853
  746 14.91 0.298355 0.0122173
  747 14.93 0.297432 0.0121796
  748 14.95 0.298234 0.0122124
  749 14.97 0.300704 0.0123136
  750 14.99 0.300571 0.0123081
  751 15.01 0.299796 0.0122764
  752 15.03 0.299016 0.0122444
  753 15.05 0.299681 0.0122717
  754 15.07 0.298089 0.0122065
  755 15.09 0.299289 0.0122556
  756 15.11 0.301004 0.0123258
  757 15.13 0.299693 0.0122722
  758 15.15 0.299575 0.0122673
  759 15.17 0.299097 0.0122477
  760 15.19 0.297745 0.0121924
  761 15.21 0.299284 0.0122554
  762 15.23 0.298598 0.0122273
  763 15.25 0.299467 0.0122629
  764 15.27 0.300124 0.0122898
  765 15.29 0.301599 0.0123502
  766 15.31 0.301445 0.0123439
  767 15.33 0.299985 0.0122841
  768 15.35 0.300784 0.0123168
  769 15.37 0.300134 0.0122902
  770 15.39 0.298805 0.0122358
  771 15.41 0.300021 0.0122856
  772 15.43 0.298425 0.0122202
  773 15.45 0.297871 0.0121976
  774 15.47 0.29969 0.012272
  775 15.49 0.300228 0.0122941
  776 15.51 0.298293 0.0122148
  777 15.53 0.297476 0.0121814
  778 15.55 0.298539 0.0122249
  779 15.57 0.298156 0.0122092
  780 15.59 0.296931 0.0121591
  781 15.61 0.297879 0.0121979
  782 15.63 0.298355 0.0122174
  783 15.65 0.299194 0.0122517
  784 15.67 0.298593 0.0122271
  785 15.69 0.296845 0.0121555
  786 15.71 0.296474 0.0121403
  787 15.73 0.296074 0.0121239
  788 15.75 0.295451 0.0120984
  789 15.77 0.296086 0.0121244
  790 15.79 0.29688 0.012157
  791 15.81 0.296486 0.0121408
  792 15.83 0.295894 0.0121166
  793 15.85 0.294632 0.0120649
  794 15.87 0.295544 0.0121023
  795 15.89 0.294944 0.0120777
  796 15.91 0.297127 0.0121671
  797 15.93 0.296049 0.0121229
  798 15.95 0.298393 0.0122189
  799 15.97 0.298312 0.0122156
  800 15.99 0.297838 0.0121962
  801 16.01 0.300651 0.0123114
  802 16.03 0.300097 0.0122887
  803 16.05 0.298337 0.0122166
  804 16.07 0.29608 0.0121242
  805 16.09 0.297354 0.0121764
  806 16.11 0.298399 0.0122192
  807 16.13 0.298512 0.0122238
  808 16.15 0.298712 0.012232
  809 16.17 0.297699 0.0121905
  810 16.19 0.296239 0.0121307
  811 16.21 0.296044 0.0121227
  812 16.23 0.295749 0.0121106
  813 16.25 0.296186 0.0121285
  814 16.27 0.297828 0.0121958
  815 16.29 0.2978 0.0121946
  816 16.31 0.298053 0.012205
  817 16.33 0.296279 0.0121324
  818 16.35 0.295579 0.0121037
  819 16.37 0.297293 0.0121739
  820 16.39 0.296487 0.0121409
  821 16.41 0.29708 0.0121652
  822 16.43 0.295788 0.0121122
  823 16.45 0.294583 0.0120629
  824 16.47 0.29567 0.0121074
  825 16.49 0.296387 0.0121368
  826 16.51 0.294743 0.0120695
  827 16.53 0.293565 0.0120212
  828 16.55 0.294858 0.0120741
  829 16.57 0.295896 0.0121167
  830 16.59 0.297431 0.0121795
  831 16.61 0.295583 0.0121038
  832 16.63 0.293428 0.0120156
  833 16.65 0.291359 0.0119309
  834 16.67 0.293425 0.0120155
  835 16.69 0.294551 0.0120616
  836 16.71 0.292443 0.0119753
  837 16.73 0.292027 0.0119582
  838 16.75 0.294193 0.012047
  839 16.77 0.29321 0.0120067
  840 16.79 0.293171 0.0120051
  841 16.81 0.292718 0.0119865
  842 16.83 0.295074 0.012083
  843 16.85 0.29599 0.0121205
  844 16.87 0.294169 0.0120459
  845 16.89 0.294594 0.0120633
  846 16.91 0.29565 0.0121066
  847 16.93 0.294272 0.0120502
  848 16.95 0.295468 0.0120992
  849 16.97 0.294665 0.0120662
  850 16.99 0.295796 0.0121126
  851 17.01 0.295374 0.0120953
  852 17.03 0.295426 0.0120974
  853 17.05 0.294069 0.0120419
  854 17.07 0.293913 0.0120355
  855 17.09 0.293916 0.0120356
  856 17.11 0.296027 0.012122
  857 17.13 0.296028 0.0121221
  858 17.15 0.293662 0.0120252
  859 17.17 0.291337 0.01193
  860 17.19 0.290374 0.0118906
  861 17.21 0.294269 0.0120501
  862 17.23 0.293071 0.012001
  863 17.25 0.291706 0.0119451
  864 17.27 0.291776 0.011948
  865 17.29 0.29559 0.0121041
  866 17.31 0.292947 0.0119959
  867 17.33 0.293167 0.0120049
  868 17.35 0.293389 0.012014
  869 17.37 0.293372 0.0120133
  870 17.39 0.293388 0.012014
  871 17.41 0.294206 0.0120475
  872 17.43 0.294316 0.012052
  873 17.45 0.295148 0.012086
  874 17.47 0.295052 0.0120821
  875 17.49 0.295138 0.0120856
  876 17.51 0.293147 0.0120041
  877 17.53 0.291197 0.0119243
  878 17.55 0.29196 0.0119555
  879 17.57 0.293518 0.0120193
  880 17.59 0.293355 0.0120126
  881 17.61 0.292479 0.0119767
  882 17.63 0.293286 0.0120098
  883 17.65 0.293893 0.0120347
  884 17.67 0.293181 0.0120055
  885 17.69 0.292132 0.0119625
  886 17.71 0.293569 0.0120214
  887 17.73 0.291178 0.0119235
  888 17.75 0.290955 0.0119144
  889 17.77 0.290332 0.0118888
  890 17.79 0.291565 0.0119393
  891 17.81 0.290253 0.0118856
  892 17.83 0.291127 0.0119214
  893 17.85 0.291807 0.0119492
  894 17.87 0.29418 0.0120464
  895 17.89 0.29451 0.0120599
  896 17.91 0.296445 0.0121392
  897 17.93 0.295688 0.0121081
  898 17.95 0.293729 0.012028
  899 17.97 0.294516 0.0120602
  900 17.99 0.293937 0.0120365
  901 18.01 0.292557 0.0119799
  902 18.03 0.293219 0.012007
  903 18.05 0.292578 0.0119808
  904 18.07 0.293682 0.012026
  905 18.09 0.293758 0.0120291
  906 18.11 0.294255 0.0120495
  907 18.13 0.293332 0.0120117
  908 18.15 0.292682 0.0119851
  909 18.17 0.290269 0.0118862
  910 18.19 0.291313 0.011929
  911 18.21 0.291119 0.011921
  912 18.23 0.289751 0.0118651
  913 18.25 0.290101 0.0118794
  914 18.27 0.289111 0.0118389
  915 18.29 0.289506 0.011855
  916 18.31 0.29007 0.0118781
  917 18.33 0.290248 0.0118854
  918 18.35 0.290126 0.0118804
  919 18.37 0.292012 0.0119576
  920 18.39 0.292078 0.0119603
  921 18.41 0.293366 0.0120131
  922 18.43 0.293335 0.0120118
  923 18.45 0.292765 0.0119885
  924 18.47 0.292707 0.0119861
  925 18.49 0.293267 0.012009
  926 18.51 0.291513 0.0119372
  927 18.53 0.292913 0.0119945
  928 18.55 0.292442 0.0119752
  929 18.57 0.292231 0.0119666
  930 18.59 0.291877 0.0119521
  931 18.61 0.291592 0.0119404
  932 18.63 0.291041 0.0119179
  933 18.65 0.291878 0.0119521
  934 18.67 0.29032 0.0118883
  935 18.69 0.292402 0.0119736
  936 18.71 0.291836 0.0119504
  937 18.73 0.291673 0.0119438
  938 18.75 0.290792 0.0119077
  939 18.77 0.290054 0.0118774
  940 18.79 0.290992 0.0119159
  941 18.81 0.290323 0.0118885
  942 18.83 0.289679 0.0118621
  943 18.85 0.290203 0.0118835
  944 18.87 0.28924 0.0118441
  945 18.89 0.292687 0.0119853
  946 18.91 0.292217 0.011966
  947 18.93 0.291552 0.0119388
  948 18.95 0.2912 0.0119244
  949 18.97 0.291662 0.0119433
  950 18.99 0.29162 0.0119416
  951 19.01 0.292154 0.0119635
  952 19.03 0.291922 0.011954
  953 19.05 0.292676 0.0119848
  954 19.07 0.292152 0.0119633
  955 19.09 0.291245 0.0119262
  956 19.11 0.292052 0.0119593
  957 19.13 0.291484 0.011936
  958 19.15 0.290073 0.0118782
  959 19.17 0.291321 0.0119293
  960 19.19 0.291094 0.01192
  961 19.21 0.293147 0.0120041
  962 19.23 0.289704 0.0118631
  963 19.25 0.289635 0.0118603
  964 19.27 0.287882 0.0117885
  965 19.29 0.291322 0.0119294
  966 19.31 0.294222 0.0120481
  967 19.33 0.291471 0.0119355
  968 19.35 0.289652 0.011861
  969 19.37 0.289224 0.0118435
  970 19.39 0.288334 0.011807
  971 19.41 0.291556 0.011939
  972 19.43 0.293313 0.0120109
  973 19.45 0.290962 0.0119146
  974 19.47 0.288018 0.0117941
  975 19.49 0.289496 0.0118546
  976 19.51 0.289167 0.0118411
  977 19.53 0.28922 0.0118433
  978 19.55 0.286922 0.0117492
  979 19.57 0.289151 0.0118404
  980 19.59 0.289016 0.0118349
  981 19.61 0.289074 0.0118373
  982 19.63 0.291023 0.0119171
  983 19.65 0.291684 0.0119442
  984 19.67 0.291549 0.0119386
  985 19.69 0.290998 0.0119161
  986 19.71 0.292762 0.0119883
  987 19.73 0.2918 0.0119489
  988 19.75 0.288255 0.0118038
  989 19.77 0.292282 0.0119687
  990 19.79 0.290994 0.011916
  991 19.81 0.289693 0.0118627
  992 19.83 0.289651 0.0118609
  993 19.85 0.29035 0.0118895
  994 19.87 0.290204 0.0118836
  995 19.89 0.289462 0.0118532
  996 19.91 0.292027 0.0119582
  997 19.93 0.291337 0.01193
  998 19.95 0.289663 0.0118615
  999 19.97 0.28848 0.011813
  1000 19.99 0.289802 0.0118671
  1001 20.01 0.288008 0.0117937
  1002 20.03 0.2883 0.0118056
  1003 20.05 0.28993 0.0118724
  1004 20.07 0.291682 0.0119441
  1005 20.09 0.291722 0.0119457
  1006 20.11 0.291233 0.0119257
  1007 20.13 0.290787 0.0119075
  1008 20.15 0.289654 0.0118611
  1009 20.17 0.290073 0.0118782
  1010 20.19 0.289065 0.0118369
  1011 20.21 0.289153 0.0118405
  1012 20.23 0.286106 0.0117158
  1013 20.25 0.285489 0.0116905
  1014 20.27 0.286143 0.0117173
  1015 20.29 0.286391 0.0117275
  1016 20.31 0.287813 0.0117857
  1017 20.33 0.287014 0.011753
  1018 20.35 0.287653 0.0117791
  1019 20.37 0.286881 0.0117475
  1020 20.39 0.287295 0.0117645
  1021 20.41 0.285617 0.0116957
  1022 20.43 0.284011 0.01163
  1023 20.45 0.285694 0.0116989
  1024 20.47 0.286625 0.0117371
  1025 20.49 0.288472 0.0118126
  1026 20.51 0.288604 0.0118181
  1027 20.53 0.288099 0.0117974
  1028 20.55 0.289496 0.0118546
  1029 20.57 0.288241 0.0118032
  1030 20.59 0.287349 0.0117667
  1031 20.61 0.285116 0.0116753
  1032 20.63 0.286454 0.01173
  1033 20.65 0.287413 0.0117693
  1034 20.67 0.28762 0.0117778
  1035 20.69 0.285561 0.0116935
  1036 20.71 0.287263 0.0117632
  1037 20.73 0.287951 0.0117913
  1038 20.75 0.288086 0.0117969
  1039 20.77 0.286454 0.01173
  1040 20.79 0.287097 0.0117564
  1041 20.81 0.288906 0.0118305
  1042 20.83 0.289682 0.0118622
  1043 20.85 0.29124 0.011926
  1044 20.87 0.288921 0.0118311
  1045 20.89 0.289008 0.0118346
  1046 20.91 0.290091 0.011879
  1047 20.93 0.290506 0.011896
  1048 20.95 0.289213 0.011843
  1049 20.97 0.289307 0.0118469
  1050 20.99 0.291506 0.0119369
  1051 21.01 0.289771 0.0118659
  1052 21.03 0.290546 0.0118976
  1053 21.05 0.289465 0.0118533
  1054 21.07 0.288058 0.0117957
  1055 21.09 0.288695 0.0118218
  1056 21.11 0.289564 0.0118574
  1057 21.13 0.290186 0.0118829
  1058 21.15 0.29128 0.0119276
  1059 21.17 0.291165 0.0119229
  1060 21.19 0.291442 0.0119343
  1061 21.21 0.293557 0.0120209
  1062 21.23 0.293153 0.0120043
  1063 21.25 0.291903 0.0119532
  1064 21.27 0.292362 0.011972
  1065 21.29 0.291657 0.0119431
  1066 21.31 0.290889 0.0119116
  1067 21.33 0.289095 0.0118382
  1068 21.35 0.291036 0.0119177
  1069 21.37 0.288943 0.011832
  1070 21.39 0.287889 0.0117888
  1071 21.41 0.287712 0.0117815
  1072 21.43 0.287749 0.011783
  1073 21.45 0.292082 0.0119605
  1074 21.47 0.292462 0.0119761
  1075 21.49 0.29375 0.0120288
  1076 21.51 0.291066 0.0119189
  1077 21.53 0.289576 0.0118579
  1078 21.55 0.289442 0.0118524
  1079 21.57 0.29017 0.0118822
  1080 21.59 0.288862 0.0118287
  1081 21.61 0.287864 0.0117878
  1082 21.63 0.288445 0.0118116
  1083 21.65 0.289884 0.0118705
  1084 21.67 0.28861 0.0118183
  1085 21.69 0.288983 0.0118336
  1086 21.71 0.289386 0.0118501
  1087 21.73 0.286811 0.0117446
  1088 21.75 0.287605 0.0117771
  1089 21.77 0.288358 0.011808
  1090 21.79 0.288095 0.0117972
  1091 21.81 0.289548 0.0118567
  1092 21.83 0.28966 0.0118613
  1093 21.85 0.290177 0.0118825
  1094 21.87 0.286428 0.011729
  1095 21.89 0.287785 0.0117845
  1096 21.91 0.288945 0.011832
  1097 21.93 0.286912 0.0117488
  1098 21.95 0.287031 0.0117537
  1099 21.97 0.286655 0.0117383
  1100 21.99 0.288152 0.0117996
  1101 22.01 0.289602 0.0118589
  1102 22.03 0.28808 0.0117966
  1103 22.05 0.288891 0.0118298
  1104 22.07 0.288436 0.0118112
  1105 22.09 0.286828 0.0117453
  1106 22.11 0.285353 0.0116849
  1107 22.13 0.286711 0.0117405
  1108 22.15 0.28617 0.0117184
  1109 22.17 0.286825 0.0117452
  1110 22.19 0.286691 0.0117397
  1111 22.21 0.284828 0.0116634
  1112 22.23 0.285201 0.0116787
  1113 22.25 0.285444 0.0116887
  1114 22.27 0.285227 0.0116798
  1115 22.29 0.286557 0.0117343
  1116 22.31 0.287061 0.0117549
  1117 22.33 0.28903 0.0118355
  1118 22.35 0.286332 0.011725
  1119 22.37 0.285901 0.0117074
  1120 22.39 0.285168 0.0116773
  1121 22.41 0.283816 0.011622
  1122 22.43 0.28477 0.011661
  1123 22.45 0.284651 0.0116562
  1124 22.47 0.286338 0.0117253
  1125 22.49 0.285231 0.0116799
  1126 22.51 0.284645 0.011656
  1127 22.53 0.286396 0.0117277
  1128 22.55 0.283613 0.0116137
  1129 22.57 0.287079 0.0117556
  1130 22.59 0.28531 0.0116832
  1131 22.61 0.286398 0.0117277
  1132 22.63 0.286309 0.0117241
  1133 22.65 0.28685 0.0117462
  1134 22.67 0.286844 0.011746
  1135 22.69 0.285944 0.0117091
  1136 22.71 0.285123 0.0116755
  1137 22.73 0.284868 0.0116651
  1138 22.75 0.285493 0.0116907
  1139 22.77 0.28453 0.0116513
  1140 22.79 0.284754 0.0116604
  1141 22.81 0.281991 0.0115473
  1142 22.83 0.280866 0.0115012
  1143 22.85 0.282696 0.0115761
  1144 22.87 0.281189 0.0115144
  1145 22.89 0.281183 0.0115142
  1146 22.91 0.285672 0.011698
  1147 22.93 0.286327 0.0117248
  1148 22.95 0.285857 0.0117056
  1149 22.97 0.286831 0.0117455
  1150 22.99 0.287215 0.0117612
  1151 23.01 0.285462 0.0116894
  1152 23.03 0.287008 0.0117527
  1153 23.05 0.284273 0.0116407
  1154 23.07 0.286037 0.011713
  1155 23.09 0.283852 0.0116235
  1156 23.11 0.286013 0.0117119
  1157 23.13 0.285203 0.0116788
  1158 23.15 0.285034 0.0116719
  1159 23.17 0.285768 0.0117019
  1160 23.19 0.285857 0.0117056
  1161 23.21 0.285793 0.011703
  1162 23.23 0.286703 0.0117402
  1163 23.25 0.287099 0.0117564
  1164 23.27 0.285919 0.0117081
  1165 23.29 0.285697 0.011699
  1166 23.31 0.28983 0.0118683
  1167 23.33 0.286555 0.0117341
  1168 23.35 0.284005 0.0116298
  1169 23.37 0.286622 0.0117369
  1170 23.39 0.285886 0.0117068
  1171 23.41 0.286752 0.0117422
  1172 23.43 0.287504 0.011773
  1173 23.45 0.286553 0.0117341
  1174 23.47 0.285563 0.0116935
  1175 23.49 0.285105 0.0116748
  1176 23.51 0.286883 0.0117476
  1177 23.53 0.285376 0.0116859
  1178 23.55 0.286302 0.0117238
  1179 23.57 0.287691 0.0117807
  1180 23.59 0.28792 0.0117901
  1181 23.61 0.288662 0.0118204
  1182 23.63 0.289459 0.0118531
  1183 23.65 0.288209 0.0118019
  1184 23.67 0.285014 0.0116711
  1185 23.69 0.285612 0.0116955
  1186 23.71 0.28951 0.0118552
  1187 23.73 0.288334 0.011807
  1188 23.75 0.288899 0.0118301
  1189 23.77 0.289076 0.0118374
  1190 23.79 0.286951 0.0117504
  1191 23.81 0.286744 0.0117419
  1192 23.83 0.287356 0.011767
  1193 23.85 0.286532 0.0117332
  1194 23.87 0.284242 0.0116394
  1195 23.89 0.283491 0.0116087
  1196 23.91 0.286634 0.0117374
  1197 23.93 0.28524 0.0116803
  1198 23.95 0.285881 0.0117066
  1199 23.97 0.287335 0.0117661
  1200 23.99 0.287348 0.0117666
  1201 24.01 0.287952 0.0117914
  1202 24.03 0.284985 0.0116699
  1203 24.05 0.286421 0.0117287
  1204 24.07 0.286972 0.0117512
  1205 24.09 0.288667 0.0118206
  1206 24.11 0.286856 0.0117465
  1207 24.13 0.286291 0.0117233
  1208 24.15 0.286178 0.0117187
  1209 24.17 0.286602 0.0117361
  1210 24.19 0.287814 0.0117857
  1211 24.21 0.289133 0.0118397
  1212 24.23 0.288421 0.0118106
  1213 24.25 0.285753 0.0117013
  1214 24.27 0.28742 0.0117696
  1215 24.29 0.286631 0.0117373
  1216 24.31 0.288925 0.0118312
  1217 24.33 0.288026 0.0117944
  1218 24.35 0.290178 0.0118825
  1219 24.37 0.288186 0.011801
  1220 24.39 0.286851 0.0117463
  1221 24.41 0.289002 0.0118344
  1222 24.43 0.28868 0.0118212
  1223 24.45 0.288616 0.0118186
  1224 24.47 0.290349 0.0118895
  1225 24.49 0.289223 0.0118434
  1226 24.51 0.288645 0.0118197
  1227 24.53 0.287031 0.0117537
  1228 24.55 0.286741 0.0117418
  1229 24.57 0.287803 0.0117853
  1230 24.59 0.285765 0.0117018
  1231 24.61 0.288014 0.0117939
  1232 24.63 0.286866 0.0117469
  1233 24.65 0.286757 0.0117424
  1234 24.67 0.286938 0.0117498
  1235 24.69 0.287711 0.0117815
  1236 24.71 0.287847 0.0117871
  1237 24.73 0.289175 0.0118415
  1238 24.75 0.29026 0.0118859
  1239 24.77 0.288702 0.0118221
  1240 24.79 0.286001 0.0117115
  1241 24.81 0.288027 0.0117944
  1242 24.83 0.28824 0.0118032
  1243 24.85 0.288109 0.0117978
  1244 24.87 0.286704 0.0117403
  1245 24.89 0.285667 0.0116978
  1246 24.91 0.286484 0.0117313
  1247 24.93 0.28707 0.0117553
  1248 24.95 0.286412 0.0117283
  1249 24.97 0.286769 0.0117429
  1250 24.99 0.286634 0.0117374
  1251 25.01 0.287369 0.0117675
  1252 25.03 0.287092 0.0117562
  1253 25.05 0.28639 0.0117274
  1254 25.07 0.285089 0.0116741
  1255 25.09 0.28452 0.0116509
  1256 25.11 0.285065 0.0116731
  1257 25.13 0.285261 0.0116812
  1258 25.15 0.283879 0.0116246
  1259 25.17 0.285194 0.0116785
  1260 25.19 0.283448 0.0116069
  1261 25.21 0.280775 0.0114975
  1262 25.23 0.281446 0.011525
  1263 25.25 0.286177 0.0117187
  1264 25.27 0.285443 0.0116886
  1265 25.29 0.285798 0.0117032
  1266 25.31 0.286984 0.0117518
  1267 25.33 0.287115 0.0117571
  1268 25.35 0.285184 0.011678
  1269 25.37 0.28515 0.0116766
  1270 25.39 0.286287 0.0117232
  1271 25.41 0.28669 0.0117397
  1272 25.43 0.287203 0.0117607
  1273 25.45 0.288112 0.0117979
  1274 25.47 0.286616 0.0117367
  1275 25.49 0.284975 0.0116695
  1276 25.51 0.285917 0.011708
  1277 25.53 0.284726 0.0116593
  1278 25.55 0.285394 0.0116866
  1279 25.57 0.286461 0.0117303
  1280 25.59 0.286916 0.011749
  1281 25.61 0.289615 0.0118595
  1282 25.63 0.28724 0.0117622
  1283 25.65 0.287464 0.0117714
  1284 25.67 0.285582 0.0116943
  1285 25.69 0.285387 0.0116863
  1286 25.71 0.286818 0.011745
  1287 25.73 0.285896 0.0117072
  1288 25.75 0.285493 0.0116907
  1289 25.77 0.285606 0.0116953
  1290 25.79 0.287293 0.0117644
  1291 25.81 0.287393 0.0117685
  1292 25.83 0.287104 0.0117567
  1293 25.85 0.285011 0.011671
  1294 25.87 0.285196 0.0116785
  1295 25.89 0.285185 0.0116781
  1296 25.91 0.286448 0.0117298
  1297 25.93 0.286403 0.0117279
  1298 25.95 0.284505 0.0116502
  1299 25.97 0.285781 0.0117025
  1300 25.99 0.28599 0.011711
  1301 26.01 0.286844 0.011746
  1302 26.03 0.286756 0.0117424
  1303 26.05 0.286447 0.0117297
  1304 26.07 0.286456 0.0117301
  1305 26.09 0.285212 0.0116791
  1306 26.11 0.283646 0.011615
  1307 26.13 0.283551 0.0116112
  1308 26.15 0.282315 0.0115605
  1309 26.17 0.284502 0.0116501
  1310 26.19 0.284663 0.0116567
  1311 26.21 0.286436 0.0117293
  1312 26.23 0.286261 0.0117221
  1313 26.25 0.287334 0.011766
  1314 26.27 0.286062 0.011714
  1315 26.29 0.283297 0.0116007
  1316 26.31 0.285025 0.0116715
  1317 26.33 0.285657 0.0116974
  1318 26.35 0.286095 0.0117153
  1319 26.37 0.28444 0.0116476
  1320 26.39 0.286316 0.0117244
  1321 26.41 0.286438 0.0117294
  1322 26.43 0.288117 0.0117981
  1323 26.45 0.286231 0.0117209
  1324 26.47 0.285064 0.0116731
  1325 26.49 0.284865 0.011665
  1326 26.51 0.284518 0.0116508
  1327 26.53 0.284399 0.0116459
  1328 26.55 0.286625 0.011737
  1329 26.57 0.284174 0.0116367
  1330 26.59 0.284479 0.0116491
  1331 26.61 0.28661 0.0117364
  1332 26.63 0.285645 0.0116969
  1333 26.65 0.285032 0.0116718
  1334 26.67 0.286775 0.0117432
  1335 26.69 0.286667 0.0117387
  1336 26.71 0.288619 0.0118187
  1337 26.73 0.288163 0.0118
  1338 26.75 0.285366 0.0116855
  1339 26.77 0.285638 0.0116966
  1340 26.79 0.284835 0.0116637
  1341 26.81 0.284399 0.0116459
  1342 26.83 0.284375 0.0116449
  1343 26.85 0.284087 0.0116331
  1344 26.87 0.286407 0.0117281
  1345 26.89 0.285985 0.0117108
  1346 26.91 0.285309 0.0116831
  1347 26.93 0.286004 0.0117116
  1348 26.95 0.286601 0.011736
  1349 26.97 0.287287 0.0117641
  1350 26.99 0.289084 0.0118377
  1351 27.01 0.289076 0.0118374
  1352 27.03 0.290356 0.0118898
  1353 27.05 0.290908 0.0119124
  1354 27.07 0.291198 0.0119243
  1355 27.09 0.289616 0.0118595
  1356 27.11 0.288294 0.0118054
  1357 27.13 0.28845 0.0118117
  1358 27.15 0.289768 0.0118657
  1359 27.17 0.287052 0.0117545
  1360 27.19 0.284965 0.0116691
  1361 27.21 0.285962 0.0117099
  1362 27.23 0.286752 0.0117423
  1363 27.25 0.28651 0.0117323
  1364 27.27 0.287717 0.0117817
  1365 27.29 0.286767 0.0117429
  1366 27.31 0.287264 0.0117632
  1367 27.33 0.286051 0.0117135
  1368 27.35 0.284533 0.0116513
  1369 27.37 0.285723 0.0117001
  1370 27.39 0.288336 0.0118071
  1371 27.41 0.286324 0.0117247
  1372 27.43 0.287424 0.0117697
  1373 27.45 0.289102 0.0118385
  1374 27.47 0.288277 0.0118047
  1375 27.49 0.288686 0.0118214
  1376 27.51 0.290352 0.0118896
  1377 27.53 0.289477 0.0118538
  1378 27.55 0.288743 0.0118238
  1379 27.57 0.287287 0.0117642
  1380 27.59 0.288125 0.0117984
  1381 27.61 0.28858 0.0118171
  1382 27.63 0.285939 0.0117089
  1383 27.65 0.28551 0.0116914
  1384 27.67 0.286056 0.0117137
  1385 27.69 0.285991 0.011711
  1386 27.71 0.285921 0.0117082
  1387 27.73 0.285519 0.0116918
  1388 27.75 0.285365 0.0116854
  1389 27.77 0.287756 0.0117833
  1390 27.79 0.284728 0.0116594
  1391 27.81 0.287213 0.0117611
  1392 27.83 0.286609 0.0117364
  1393 27.85 0.28604 0.0117131
  1394 27.87 0.285864 0.0117059
  1395 27.89 0.287963 0.0117918
  1396 27.91 0.286801 0.0117442
  1397 27.93 0.28819 0.0118011
  1398 27.95 0.289065 0.0118369
  1399 27.97 0.287197 0.0117604
  1400 27.99 0.28757 0.0117757
  1401 28.01 0.289064 0.0118369
  1402 28.03 0.285196 0.0116785
  1403 28.05 0.288045 0.0117952
  1404 28.07 0.286213 0.0117202
  1405 28.09 0.286927 0.0117494
  1406 28.11 0.287698 0.0117809
  1407 28.13 0.285697 0.011699
  1408 28.15 0.287342 0.0117664
  1409 28.17 0.289548 0.0118567
  1410 28.19 0.290891 0.0119117
  1411 28.21 0.291494 0.0119364
  1412 28.23 0.290878 0.0119112
  1413 28.25 0.292708 0.0119861
  1414 28.27 0.292978 0.0119972
  1415 28.29 0.292165 0.0119639
  1416 28.31 0.29182 0.0119498
  1417 28.33 0.292187 0.0119648
  1418 28.35 0.2912 0.0119244
  1419 28.37 0.291643 0.0119425
  1420 28.39 0.292655 0.011984
  1421 28.41 0.290503 0.0118959
  1422 28.43 0.288107 0.0117977
  1423 28.45 0.289712 0.0118634
  1424 28.47 0.290413 0.0118921
  1425 28.49 0.291052 0.0119183
  1426 28.51 0.288866 0.0118288
  1427 28.53 0.289359 0.011849
  1428 28.55 0.289638 0.0118604
  1429 28.57 0.289702 0.0118631
  1430 28.59 0.289 0.0118343
  1431 28.61 0.287464 0.0117714
  1432 28.63 0.285092 0.0116742
  1433 28.65 0.286553 0.0117341
  1434 28.67 0.288166 0.0118001
  1435 28.69 0.286978 0.0117515
  1436 28.71 0.287921 0.0117901
  1437 28.73 0.28709 0.0117561
  1438 28.75 0.288348 0.0118076
  1439 28.77 0.287631 0.0117782
  1440 28.79 0.286468 0.0117306
  1441 28.81 0.289067 0.011837
  1442 28.83 0.288456 0.011812
  1443 28.85 0.289157 0.0118407
  1444 28.87 0.289695 0.0118627
  1445 28.89 0.291007 0.0119164
  1446 28.91 0.290159 0.0118817
  1447 28.93 0.287913 0.0117898
  1448 28.95 0.28695 0.0117503
  1449 28.97 0.28599 0.011711
  1450 28.99 0.28793 0.0117905
  1451 29.01 0.287574 0.0117759
  1452 29.03 0.289396 0.0118505
  1453 29.05 0.289548 0.0118567
  1454 29.07 0.289664 0.0118615
  1455 29.09 0.289699 0.0118629
  1456 29.11 0.288448 0.0118117
  1457 29.13 0.286953 0.0117505
  1458 29.15 0.286338 0.0117253
  1459 29.17 0.287686 0.0117805
  1460 29.19 0.288025 0.0117944
  1461 29.21 0.287387 0.0117682
  1462 29.23 0.285024 0.0116715
  1463 29.25 0.286798 0.0117441
  1464 29.27 0.288537 0.0118153
  1465 29.29 0.290104 0.0118795
  1466 29.31 0.287403 0.0117689
  1467 29.33 0.288974 0.0118332
  1468 29.35 0.288698 0.0118219
  1469 29.37 0.289532 0.0118561
  1470 29.39 0.288082 0.0117967
  1471 29.41 0.287664 0.0117796
  1472 29.43 0.288422 0.0118106
  1473 29.45 0.284758 0.0116606
  1474 29.47 0.284705 0.0116584
  1475 29.49 0.285163 0.0116772
  1476 29.51 0.285727 0.0117002
  1477 29.53 0.28693 0.0117495
  1478 29.55 0.286662 0.0117385
  1479 29.57 0.28536 0.0116852
  1480 29.59 0.289484 0.0118541
  1481 29.61 0.287185 0.01176
  1482 29.63 0.286057 0.0117138
  1483 29.65 0.28471 0.0116586
  1484 29.67 0.284714 0.0116588
  1485 29.69 0.287892 0.0117889
  1486 29.71 0.289176 0.0118415
  1487 29.73 0.29089 0.0119117
  1488 29.75 0.292305 0.0119696
  1489 29.77 0.292256 0.0119676
  1490 29.79 0.291814 0.0119495
  1491 29.81 0.289357 0.0118489
  1492 29.83 0.291331 0.0119297
  1493 29.85 0.287547 0.0117748
  1494 29.87 0.286557 0.0117342
  1495 29.89 0.287356 0.011767
  1496 29.91 0.289214 0.011843
  1497 29.93 0.288765 0.0118247
  1498 29.95 0.289748 0.0118649
  1499 29.97 0.290061 0.0118778
  1500 29.99 0.288448 0.0118117
  1501 30.01 0.289212 0.011843
  1502 30.03 0.289537 0.0118563
  1503 30.05 0.289596 0.0118587
  1504 30.07 0.290819 0.0119088
  1505 30.09 0.289937 0.0118727
  1506 30.11 0.28806 0.0117958
  1507 30.13 0.28904 0.0118359
  1508 30.15 0.288493 0.0118135
  1509 30.17 0.288515 0.0118144
  1510 30.19 0.291211 0.0119248
  1511 30.21 0.290281 0.0118867
  1512 30.23 0.289693 0.0118626
  1513 30.25 0.289006 0.0118345
  1514 30.27 0.288006 0.0117936
  1515 30.29 0.290361 0.01189
  1516 30.31 0.289058 0.0118367
  1517 30.33 0.28918 0.0118417
  1518 30.35 0.287915 0.0117899
  1519 30.37 0.287462 0.0117713
  1520 30.39 0.285396 0.0116867
  1521 30.41 0.286252 0.0117218
  1522 30.43 0.286732 0.0117414
  1523 30.45 0.287595 0.0117768
  1524 30.47 0.286247 0.0117215
  1525 30.49 0.285343 0.0116845
  1526 30.51 0.285744 0.011701
  1527 30.53 0.286587 0.0117355
  1528 30.55 0.287029 0.0117536
  1529 30.57 0.286833 0.0117455
  1530 30.59 0.286852 0.0117463
  1531 30.61 0.286674 0.011739
  1532 30.63 0.288572 0.0118167
  1533 30.65 0.28807 0.0117962
  1534 30.67 0.289914 0.0118717
  1535 30.69 0.290507 0.011896
  1536 30.71 0.288924 0.0118312
  1537 30.73 0.287066 0.0117551
  1538 30.75 0.289168 0.0118412
  1539 30.77 0.288117 0.0117981
  1540 30.79 0.28788 0.0117884
  1541 30.81 0.287863 0.0117877
  1542 30.83 0.290085 0.0118787
  1543 30.85 0.288566 0.0118165
  1544 30.87 0.288058 0.0117957
  1545 30.89 0.286905 0.0117485
  1546 30.91 0.28703 0.0117536
  1547 30.93 0.289101 0.0118384
  1548 30.95 0.284811 0.0116627
  1549 30.97 0.286975 0.0117514
  1550 30.99 0.287174 0.0117595
  1551 31.01 0.285224 0.0116796
  1552 31.03 0.286708 0.0117404
  1553 31.05 0.288684 0.0118213
  1554 31.07 0.288415 0.0118103
  1555 31.09 0.287579 0.0117761
  1556 31.11 0.288332 0.011807
  1557 31.13 0.290225 0.0118845
  1558 31.15 0.291667 0.0119435
  1559 31.17 0.29135 0.0119305
  1560 31.19 0.291023 0.0119171
  1561 31.21 0.293467 0.0120172
  1562 31.23 0.290893 0.0119118
  1563 31.25 0.2928 0.0119899
  1564 31.27 0.294326 0.0120524
  1565 31.29 0.292878 0.0119931
  1566 31.31 0.29411 0.0120435
  1567 31.33 0.294097 0.012043
  1568 31.35 0.290455 0.0118938
  1569 31.37 0.293128 0.0120033
  1570 31.39 0.291445 0.0119344
  1571 31.41 0.291819 0.0119497
  1572 31.43 0.292416 0.0119741
  1573 31.45 0.292791 0.0119895
  1574 31.47 0.293257 0.0120086
  1575 31.49 0.29122 0.0119252
  1576 31.51 0.290576 0.0118988
  1577 31.53 0.290541 0.0118974
  1578 31.55 0.289742 0.0118647
  1579 31.57 0.289575 0.0118578
  1580 31.59 0.290482 0.011895
  1581 31.61 0.289722 0.0118639
  1582 31.63 0.291858 0.0119513
  1583 31.65 0.290357 0.0118899
  1584 31.67 0.290264 0.011886
  1585 31.69 0.289067 0.011837
  1586 31.71 0.289139 0.01184
  1587 31.73 0.289137 0.0118399
  1588 31.75 0.288009 0.0117937
  1589 31.77 0.290218 0.0118842
  1590 31.79 0.289275 0.0118455
  1591 31.81 0.290303 0.0118876
  1592 31.83 0.291447 0.0119345
  1593 31.85 0.287862 0.0117877
  1594 31.87 0.287259 0.011763
  1595 31.89 0.289274 0.0118455
  1596 31.91 0.288142 0.0117991
  1597 31.93 0.287876 0.0117883
  1598 31.95 0.287697 0.0117809
  1599 31.97 0.291115 0.0119209
  1600 31.99 0.289861 0.0118695
  1601 32.01 0.289963 0.0118737
  1602 32.03 0.290098 0.0118792
  1603 32.05 0.290729 0.0119051
  1604 32.07 0.291336 0.0119299
  1605 32.09 0.288487 0.0118133
  1606 32.11 0.288309 0.011806
  1607 32.13 0.289822 0.0118679
  1608 32.15 0.28878 0.0118253
  1609 32.17 0.290573 0.0118987
  1610 32.19 0.291409 0.011933
  1611 32.21 0.291867 0.0119517
  1612 32.23 0.293969 0.0120377
  1613 32.25 0.29227 0.0119682
  1614 32.27 0.293406 0.0120147
  1615 32.29 0.290307 0.0118878
  1616 32.31 0.29405 0.0120411
  1617 32.33 0.293084 0.0120015
  1618 32.35 0.29398 0.0120382
  1619 32.37 0.29339 0.0120141
  1620 32.39 0.293146 0.0120041
  1621 32.41 0.293928 0.0120361
  1622 32.43 0.292609 0.0119821
  1623 32.45 0.292754 0.011988
  1624 32.47 0.290773 0.0119069
  1625 32.49 0.292215 0.011966
  1626 32.51 0.292077 0.0119603
  1627 32.53 0.294311 0.0120517
  1628 32.55 0.295792 0.0121124
  1629 32.57 0.293392 0.0120141
  1630 32.59 0.292255 0.0119676
  1631 32.61 0.291275 0.0119274
  1632 32.63 0.293579 0.0120218
  1633 32.65 0.294302 0.0120514
  1634 32.67 0.294405 0.0120556
  1635 32.69 0.29264 0.0119833
  1636 32.71 0.293317 0.0120111
  1637 32.73 0.291667 0.0119435
  1638 32.75 0.290891 0.0119117
  1639 32.77 0.295843 0.0121145
  1640 32.79 0.294376 0.0120544
  1641 32.81 0.292626 0.0119827
  1642 32.83 0.291995 0.0119569
  1643 32.85 0.294592 0.0120633
  1644 32.87 0.296292 0.0121329
  1645 32.89 0.296142 0.0121268
  1646 32.91 0.294906 0.0120761
  1647 32.93 0.295276 0.0120913
  1648 32.95 0.294243 0.012049
  1649 32.97 0.295538 0.012102
  1650 32.99 0.295853 0.0121149
  1651 33.01 0.296684 0.0121489
  1652 33.03 0.297457 0.0121806
  1653 33.05 0.297995 0.0122026
  1654 33.07 0.29685 0.0121557
  1655 33.09 0.297065 0.0121645
  1656 33.11 0.295659 0.012107
  1657 33.13 0.295122 0.012085
  1658 33.15 0.2924 0.0119735
  1659 33.17 0.291565 0.0119393
  1660 33.19 0.294133 0.0120445
  1661 33.21 0.294758 0.0120701
  1662 33.23 0.294489 0.0120591
  1663 33.25 0.297063 0.0121645
  1664 33.27 0.29535 0.0120943
  1665 33.29 0.29691 0.0121582
  1666 33.31 0.295297 0.0120922
  1667 33.33 0.29524 0.0120898
  1668 33.35 0.297721 0.0121914
  1669 33.37 0.29675 0.0121516
  1670 33.39 0.295847 0.0121147
  1671 33.41 0.295355 0.0120945
  1672 33.43 0.293345 0.0120122
  1673 33.45 0.294818 0.0120725
  1674 33.47 0.295061 0.0120825
  1675 33.49 0.295682 0.0121079
  1676 33.51 0.296866 0.0121564
  1677 33.53 0.295656 0.0121069
  1678 33.55 0.295211 0.0120886
  1679 33.57 0.294686 0.0120671
  1680 33.59 0.292742 0.0119875
  1681 33.61 0.291465 0.0119352
  1682 33.63 0.291288 0.011928
  1683 33.65 0.294349 0.0120533
  1684 33.67 0.293655 0.0120249
  1685 33.69 0.293282 0.0120096
  1686 33.71 0.294058 0.0120414
  1687 33.73 0.296235 0.0121306
  1688 33.75 0.295363 0.0120949
  1689 33.77 0.295904 0.012117
  1690 33.79 0.294514 0.0120601
  1691 33.81 0.294983 0.0120793
  1692 33.83 0.2953 0.0120923
  1693 33.85 0.297431 0.0121795
  1694 33.87 0.297095 0.0121658
  1695 33.89 0.295391 0.012096
  1696 33.91 0.294264 0.0120498
  1697 33.93 0.295634 0.0121059
  1698 33.95 0.294531 0.0120608
  1699 33.97 0.293904 0.0120351
  1700 33.99 0.2961 0.012125
  1701 34.01 0.297008 0.0121622
  1702 34.03 0.298067 0.0122056
  1703 34.05 0.295154 0.0120863
  1704 34.07 0.293573 0.0120215
  1705 34.09 0.294681 0.0120669
  1706 34.11 0.29577 0.0121115
  1707 34.13 0.295293 0.012092
  1708 34.15 0.295181 0.0120874
  1709 34.17 0.294664 0.0120662
  1710 34.19 0.29377 0.0120296
  1711 34.21 0.294088 0.0120427
  1712 34.23 0.295404 0.0120965
  1713 34.25 0.295764 0.0121113
  1714 34.27 0.295671 0.0121075
  1715 34.29 0.29517 0.0120869
  1716 34.31 0.29231 0.0119698
  1717 34.33 0.29491 0.0120763
  1718 34.35 0.295565 0.0121031
  1719 34.37 0.295764 0.0121113
  1720 34.39 0.295912 0.0121173
  1721 34.41 0.295793 0.0121125
  1722 34.43 0.296876 0.0121568
  1723 34.45 0.295517 0.0121011
  1724 34.47 0.292342 0.0119711
  1725 34.49 0.292792 0.0119896
  1726 34.51 0.292203 0.0119654
  1727 34.53 0.292477 0.0119767
  1728 34.55 0.29167 0.0119436
  1729 34.57 0.29056 0.0118982
  1730 34.59 0.292248 0.0119673
  1731 34.61 0.292014 0.0119577
  1732 34.63 0.291859 0.0119514
  1733 34.65 0.292309 0.0119698
  1734 34.67 0.292527 0.0119787
  1735 34.69 0.293526 0.0120196
  1736 34.71 0.293662 0.0120252
  1737 34.73 0.294425 0.0120564
  1738 34.75 0.294793 0.0120715
  1739 34.77 0.296323 0.0121342
  1740 34.79 0.293204 0.0120065
  1741 34.81 0.294088 0.0120426
  1742 34.83 0.292902 0.0119941
  1743 34.85 0.290707 0.0119042
  1744 34.87 0.291614 0.0119413
  1745 34.89 0.291352 0.0119306
  1746 34.91 0.29159 0.0119404
  1747 34.93 0.294058 0.0120414
  1748 34.95 0.0473535 0.00193908
