# Chunk-averaged data for fix avegroupC and group groupC
# Timestep Number-of-chunks Total-count
# Chunk Coord1 Ncount density/number
2000000 1748 512000.00000000035
  1 0.01 0.146165 0.00598534
  2 0.03 0.144294 0.00590869
  3 0.05 0.144982 0.00593688
  4 0.07 0.146155 0.00598491
  5 0.09 0.147629 0.00604525
  6 0.11 0.146571 0.00600197
  7 0.13 0.145846 0.00597226
  8 0.15 0.145376 0.00595299
  9 0.17 0.146097 0.00598254
  10 0.19 0.145889 0.00597402
  11 0.21 0.146428 0.00599609
  12 0.23 0.147845 0.00605412
  13 0.25 0.145735 0.00596771
  14 0.27 0.145114 0.00594229
  15 0.29 0.145659 0.0059646
  16 0.31 0.145187 0.00594525
  17 0.33 0.143655 0.00588256
  18 0.35 0.142274 0.00582599
  19 0.37 0.143675 0.00588334
  20 0.39 0.144125 0.00590179
  21 0.41 0.143557 0.00587851
  22 0.43 0.143141 0.00586149
  23 0.45 0.144417 0.00591372
  24 0.47 0.145464 0.0059566
  25 0.49 0.147181 0.00602693
  26 0.51 0.1477 0.00604816
  27 0.53 0.14554 0.00595975
  28 0.55 0.146134 0.00598405
  29 0.57 0.146244 0.00598854
  30 0.59 0.145408 0.00595432
  31 0.61 0.147513 0.00604054
  32 0.63 0.14751 0.0060404
  33 0.65 0.148269 0.00607148
  34 0.67 0.145829 0.00597154
  35 0.69 0.146094 0.00598239
  36 0.71 0.147953 0.00605854
  37 0.73 0.146287 0.00599032
  38 0.75 0.147247 0.00602963
  39 0.77 0.148247 0.00607058
  40 0.79 0.147108 0.00602396
  41 0.81 0.146876 0.00601442
  42 0.83 0.146234 0.00598815
  43 0.85 0.145999 0.00597853
  44 0.87 0.146926 0.00601646
  45 0.89 0.146603 0.00600328
  46 0.91 0.146124 0.00598366
  47 0.93 0.146103 0.00598276
  48 0.95 0.145823 0.0059713
  49 0.97 0.147025 0.00602054
  50 0.99 0.145865 0.00597302
  51 1.01 0.145017 0.00593829
  52 1.03 0.143736 0.00588588
  53 1.05 0.145192 0.0059455
  54 1.07 0.147499 0.00603995
  55 1.09 0.14639 0.00599452
  56 1.11 0.14627 0.0059896
  57 1.13 0.147196 0.00602752
  58 1.15 0.146294 0.00599058
  59 1.17 0.146582 0.0060024
  60 1.19 0.146101 0.0059827
  61 1.21 0.145729 0.00596747
  62 1.23 0.145751 0.00596835
  63 1.25 0.145196 0.00594564
  64 1.27 0.145345 0.00595172
  65 1.29 0.146212 0.00598727
  66 1.31 0.145211 0.00594626
  67 1.33 0.145079 0.00594083
  68 1.35 0.143421 0.00587294
  69 1.37 0.143686 0.00588381
  70 1.39 0.145891 0.00597408
  71 1.41 0.143858 0.00589085
  72 1.43 0.144992 0.00593729
  73 1.45 0.146997 0.00601937
  74 1.47 0.144999 0.00593758
  75 1.49 0.146407 0.00599523
  76 1.51 0.146261 0.00598925
  77 1.53 0.147133 0.00602498
  78 1.55 0.149155 0.00610774
  79 1.57 0.148269 0.00607148
  80 1.59 0.147204 0.00602787
  81 1.61 0.146725 0.00600825
  82 1.63 0.147344 0.0060336
  83 1.65 0.146357 0.00599316
  84 1.67 0.14679 0.0060109
  85 1.69 0.146958 0.00601777
  86 1.71 0.147029 0.0060207
  87 1.73 0.148759 0.00609152
  88 1.75 0.14785 0.00605432
  89 1.77 0.146577 0.00600221
  90 1.79 0.146412 0.00599546
  91 1.81 0.147654 0.00604632
  92 1.83 0.147043 0.0060213
  93 1.85 0.146365 0.00599353
  94 1.87 0.147985 0.00605983
  95 1.89 0.147478 0.00603907
  96 1.91 0.146929 0.00601663
  97 1.93 0.147058 0.00602191
  98 1.95 0.145655 0.00596446
  99 1.97 0.145776 0.00596939
  100 1.99 0.146647 0.00600506
  101 2.01 0.149463 0.00612037
  102 2.03 0.149585 0.00612537
  103 2.05 0.149538 0.00612346
  104 2.07 0.148966 0.0061
  105 2.09 0.149473 0.00612078
  106 2.11 0.149474 0.00612082
  107 2.13 0.150686 0.00617047
  108 2.15 0.149027 0.00610252
  109 2.17 0.150131 0.00614771
  110 2.19 0.149821 0.00613503
  111 2.21 0.150188 0.00615006
  112 2.23 0.151114 0.00618798
  113 2.25 0.152714 0.00625352
  114 2.27 0.152659 0.00625125
  115 2.29 0.152303 0.00623665
  116 2.31 0.150968 0.00618202
  117 2.33 0.149281 0.0061129
  118 2.35 0.14978 0.00613335
  119 2.37 0.150444 0.00616054
  120 2.39 0.149383 0.00611712
  121 2.41 0.149769 0.00613292
  122 2.43 0.148988 0.00610094
  123 2.45 0.149559 0.0061243
  124 2.47 0.148103 0.00606468
  125 2.49 0.147813 0.00605279
  126 2.51 0.14675 0.00600928
  127 2.53 0.145983 0.00597785
  128 2.55 0.14727 0.00603057
  129 2.57 0.147832 0.00605358
  130 2.59 0.14833 0.00607398
  131 2.61 0.14891 0.00609773
  132 2.63 0.148273 0.00607164
  133 2.65 0.14821 0.00606906
  134 2.67 0.149345 0.00611554
  135 2.69 0.148564 0.00608356
  136 2.71 0.146799 0.00601128
  137 2.73 0.147594 0.00604382
  138 2.75 0.145603 0.00596229
  139 2.77 0.14419 0.00590445
  140 2.79 0.145224 0.00594679
  141 2.81 0.146781 0.00601057
  142 2.83 0.146341 0.00599251
  143 2.85 0.145041 0.00593928
  144 2.87 0.144095 0.00590054
  145 2.89 0.14573 0.00596749
  146 2.91 0.146368 0.00599361
  147 2.93 0.146407 0.00599521
  148 2.95 0.14861 0.00608546
  149 2.97 0.148636 0.00608653
  150 2.99 0.14781 0.00605268
  151 3.01 0.148307 0.00607304
  152 3.03 0.147234 0.00602908
  153 3.05 0.146286 0.00599028
  154 3.07 0.14779 0.00605184
  155 3.09 0.148667 0.00608778
  156 3.11 0.149636 0.00612744
  157 3.13 0.148321 0.00607361
  158 3.15 0.148281 0.00607197
  159 3.17 0.148728 0.00609028
  160 3.19 0.148711 0.00608956
  161 3.21 0.149534 0.00612328
  162 3.23 0.147793 0.00605199
  163 3.25 0.148071 0.00606337
  164 3.27 0.149003 0.00610154
  165 3.29 0.150058 0.00614474
  166 3.31 0.149391 0.0061174
  167 3.33 0.149108 0.00610584
  168 3.35 0.1479 0.00605635
  169 3.37 0.148583 0.00608434
  170 3.39 0.148619 0.00608581
  171 3.41 0.148588 0.00608452
  172 3.43 0.148287 0.0060722
  173 3.45 0.147285 0.00603121
  174 3.47 0.145781 0.00596962
  175 3.49 0.147176 0.00602672
  176 3.51 0.150069 0.00614517
  177 3.53 0.149633 0.00612733
  178 3.55 0.148631 0.0060863
  179 3.57 0.147346 0.00603368
  180 3.59 0.14705 0.00602156
  181 3.61 0.144834 0.00593082
  182 3.63 0.145286 0.00594933
  183 3.65 0.144672 0.00592419
  184 3.67 0.145139 0.00594333
  185 3.69 0.145673 0.00596518
  186 3.71 0.144063 0.00589923
  187 3.73 0.145723 0.00596722
  188 3.75 0.144986 0.00593704
  189 3.77 0.148276 0.00607179
  190 3.79 0.148141 0.00606622
  191 3.81 0.149362 0.00611624
  192 3.83 0.147787 0.00605172
  193 3.85 0.144931 0.00593477
  194 3.87 0.145437 0.00595551
  195 3.89 0.146405 0.00599517
  196 3.91 0.145626 0.00596323
  197 3.93 0.144118 0.0059015
  198 3.95 0.143562 0.00587873
  199 3.97 0.142854 0.00584974
  200 3.99 0.143056 0.00585801
  201 4.01 0.144912 0.00593401
  202 4.03 0.144179 0.00590398
  203 4.05 0.144431 0.00591432
  204 4.07 0.145801 0.00597042
  205 4.09 0.145081 0.00594091
  206 4.11 0.147481 0.00603919
  207 4.13 0.146207 0.00598702
  208 4.15 0.146102 0.00598274
  209 4.17 0.147161 0.00602611
  210 4.19 0.147721 0.00604904
  211 4.21 0.149887 0.00613771
  212 4.23 0.150115 0.00614707
  213 4.25 0.147258 0.00603008
  214 4.27 0.145705 0.00596649
  215 4.29 0.147256 0.00603
  216 4.31 0.147984 0.00605981
  217 4.33 0.147723 0.0060491
  218 4.35 0.148431 0.00607811
  219 4.37 0.147669 0.00604691
  220 4.39 0.148944 0.0060991
  221 4.41 0.147575 0.00604304
  222 4.43 0.148003 0.00606061
  223 4.45 0.148139 0.00606614
  224 4.47 0.146114 0.00598321
  225 4.49 0.146578 0.00600223
  226 4.51 0.146585 0.0060025
  227 4.53 0.147612 0.00604458
  228 4.55 0.146913 0.00601597
  229 4.57 0.147127 0.00602472
  230 4.59 0.14686 0.00601376
  231 4.61 0.145667 0.00596493
  232 4.63 0.145748 0.00596825
  233 4.65 0.145115 0.00594233
  234 4.67 0.14504 0.00593926
  235 4.69 0.14556 0.00596057
  236 4.71 0.146329 0.00599202
  237 4.73 0.146646 0.00600504
  238 4.75 0.145501 0.00595813
  239 4.77 0.145298 0.00594982
  240 4.79 0.145641 0.00596384
  241 4.81 0.147003 0.00601966
  242 4.83 0.146186 0.00598618
  243 4.85 0.147181 0.00602691
  244 4.87 0.148644 0.00608684
  245 4.89 0.149089 0.00610506
  246 4.91 0.14889 0.00609691
  247 4.93 0.148987 0.00610088
  248 4.95 0.146839 0.00601294
  249 4.97 0.147625 0.00604509
  250 4.99 0.145522 0.00595897
  251 5.01 0.145581 0.00596141
  252 5.03 0.144615 0.00592185
  253 5.05 0.14386 0.00589091
  254 5.07 0.144311 0.00590938
  255 5.09 0.143792 0.00588817
  256 5.11 0.144399 0.00591303
  257 5.13 0.144924 0.00593453
  258 5.15 0.146078 0.00598176
  259 5.17 0.14564 0.00596384
  260 5.19 0.144881 0.00593274
  261 5.21 0.144496 0.00591696
  262 5.23 0.144834 0.00593082
  263 5.25 0.145269 0.00594865
  264 5.27 0.146452 0.00599708
  265 5.29 0.146136 0.00598414
  266 5.31 0.14489 0.00593311
  267 5.33 0.144067 0.00589941
  268 5.35 0.146057 0.0059809
  269 5.37 0.147103 0.00602373
  270 5.39 0.146549 0.00600105
  271 5.41 0.144319 0.00590973
  272 5.43 0.143432 0.00587341
  273 5.45 0.14449 0.00591673
  274 5.47 0.146787 0.00601081
  275 5.49 0.146928 0.00601657
  276 5.51 0.146759 0.00600967
  277 5.53 0.146841 0.00601298
  278 5.55 0.148558 0.00608331
  279 5.57 0.148013 0.006061
  280 5.59 0.146302 0.00599093
  281 5.61 0.145729 0.00596745
  282 5.63 0.145809 0.00597074
  283 5.65 0.146513 0.00599957
  284 5.67 0.146411 0.00599538
  285 5.69 0.147123 0.00602455
  286 5.71 0.14657 0.00600191
  287 5.73 0.147568 0.00604279
  288 5.75 0.146884 0.00601477
  289 5.77 0.150004 0.00614255
  290 5.79 0.147701 0.00604824
  291 5.81 0.147535 0.00604142
  292 5.83 0.148218 0.00606937
  293 5.85 0.148329 0.00607392
  294 5.87 0.149034 0.00610281
  295 5.89 0.14801 0.00606085
  296 5.91 0.149573 0.00612488
  297 5.93 0.149072 0.00610434
  298 5.95 0.147243 0.00602949
  299 5.97 0.147208 0.00602801
  300 5.99 0.146409 0.00599531
  301 6.01 0.148688 0.00608866
  302 6.03 0.149026 0.00610246
  303 6.05 0.148455 0.0060791
  304 6.07 0.151012 0.00618378
  305 6.09 0.148929 0.00609851
  306 6.11 0.148101 0.00606462
  307 6.13 0.149768 0.00613286
  308 6.15 0.148942 0.00609902
  309 6.17 0.148989 0.00610096
  310 6.19 0.149764 0.0061327
  311 6.21 0.149651 0.00612807
  312 6.23 0.149247 0.00611153
  313 6.25 0.147667 0.00604683
  314 6.27 0.147976 0.00605946
  315 6.29 0.147144 0.00602539
  316 6.31 0.148104 0.0060647
  317 6.33 0.15003 0.00614359
  318 6.35 0.149803 0.00613432
  319 6.37 0.150903 0.00617932
  320 6.39 0.149654 0.00612821
  321 6.41 0.14972 0.00613088
  322 6.43 0.150313 0.00615518
  323 6.45 0.150165 0.0061491
  324 6.47 0.149543 0.00612365
  325 6.49 0.14807 0.00606333
  326 6.51 0.149793 0.00613391
  327 6.53 0.149333 0.00611505
  328 6.55 0.148625 0.00608606
  329 6.57 0.147759 0.0060506
  330 6.59 0.149156 0.0061078
  331 6.61 0.147789 0.0060518
  332 6.63 0.147342 0.00603354
  333 6.65 0.148421 0.0060777
  334 6.67 0.146275 0.00598983
  335 6.69 0.146839 0.00601292
  336 6.71 0.148051 0.00606255
  337 6.73 0.146404 0.00599511
  338 6.75 0.146529 0.00600025
  339 6.77 0.145055 0.00593987
  340 6.79 0.145529 0.00595928
  341 6.81 0.146455 0.00599722
  342 6.83 0.145348 0.00595189
  343 6.85 0.14591 0.00597488
  344 6.87 0.148143 0.0060663
  345 6.89 0.149224 0.00611061
  346 6.91 0.151031 0.00618458
  347 6.93 0.151141 0.00618906
  348 6.95 0.150076 0.00614547
  349 6.97 0.14989 0.00613788
  350 6.99 0.149003 0.00610152
  351 7.01 0.149812 0.00613466
  352 7.03 0.150702 0.00617109
  353 7.05 0.150156 0.00614873
  354 7.07 0.149488 0.0061214
  355 7.09 0.14923 0.00611083
  356 7.11 0.14757 0.00604284
  357 7.13 0.147964 0.00605897
  358 7.15 0.149427 0.0061189
  359 7.17 0.147858 0.00605465
  360 7.19 0.148096 0.0060644
  361 7.21 0.148595 0.00608481
  362 7.23 0.147808 0.0060526
  363 7.25 0.1488 0.0060932
  364 7.27 0.148265 0.0060713
  365 7.29 0.147327 0.00603291
  366 7.31 0.146392 0.00599462
  367 7.33 0.146131 0.00598391
  368 7.35 0.144265 0.00590754
  369 7.37 0.146293 0.00599056
  370 7.39 0.147955 0.00605864
  371 7.41 0.147181 0.00602695
  372 7.43 0.147232 0.00602902
  373 7.45 0.147308 0.00603211
  374 7.47 0.148124 0.00606554
  375 7.49 0.147069 0.00602234
  376 7.51 0.146018 0.00597932
  377 7.53 0.146601 0.00600318
  378 7.55 0.14667 0.006006
  379 7.57 0.148551 0.00608303
  380 7.59 0.147885 0.00605576
  381 7.61 0.147889 0.00605592
  382 7.63 0.148136 0.00606603
  383 7.65 0.148086 0.00606399
  384 7.67 0.146981 0.00601874
  385 7.69 0.147517 0.00604071
  386 7.71 0.146202 0.00598682
  387 7.73 0.147207 0.00602797
  388 7.75 0.146841 0.00601302
  389 7.77 0.148237 0.00607015
  390 7.79 0.149225 0.00611061
  391 7.81 0.1478 0.00605225
  392 7.83 0.14819 0.00606822
  393 7.85 0.146904 0.00601558
  394 7.87 0.146806 0.00601159
  395 7.89 0.147836 0.00605375
  396 7.91 0.147231 0.00602895
  397 7.93 0.146225 0.00598776
  398 7.95 0.146126 0.00598375
  399 7.97 0.145504 0.00595828
  400 7.99 0.146024 0.00597953
  401 8.01 0.146371 0.00599374
  402 8.03 0.146813 0.00601184
  403 8.05 0.146423 0.00599589
  404 8.07 0.145814 0.00597095
  405 8.09 0.145203 0.00594591
  406 8.11 0.14553 0.0059593
  407 8.13 0.146406 0.00599519
  408 8.15 0.145034 0.00593901
  409 8.17 0.146135 0.00598407
  410 8.19 0.14827 0.0060715
  411 8.21 0.148517 0.00608164
  412 8.23 0.149991 0.00614201
  413 8.25 0.149426 0.00611884
  414 8.27 0.148998 0.00610133
  415 8.29 0.147786 0.00605172
  416 8.31 0.147485 0.00603938
  417 8.33 0.146387 0.00599441
  418 8.35 0.149329 0.00611491
  419 8.37 0.149323 0.00611462
  420 8.39 0.148643 0.00608677
  421 8.41 0.147123 0.00602453
  422 8.43 0.146216 0.00598741
  423 8.45 0.147332 0.00603311
  424 8.47 0.14622 0.00598757
  425 8.49 0.147803 0.00605238
  426 8.51 0.147148 0.00602556
  427 8.53 0.146801 0.00601135
  428 8.55 0.146324 0.00599183
  429 8.57 0.146465 0.00599761
  430 8.59 0.145138 0.00594325
  431 8.61 0.146918 0.00601616
  432 8.63 0.147018 0.00602027
  433 8.65 0.14826 0.00607113
  434 8.67 0.148482 0.0060802
  435 8.69 0.14733 0.00603305
  436 8.71 0.146707 0.00600754
  437 8.73 0.147131 0.00602488
  438 8.75 0.148559 0.00608333
  439 8.77 0.147519 0.00604079
  440 8.79 0.14742 0.00603671
  441 8.81 0.147293 0.00603151
  442 8.83 0.148094 0.00606431
  443 8.85 0.146646 0.00600504
  444 8.87 0.147364 0.0060344
  445 8.89 0.14689 0.00601503
  446 8.91 0.147746 0.00605004
  447 8.93 0.148155 0.00606683
  448 8.95 0.149613 0.00612649
  449 8.97 0.149781 0.00613339
  450 8.99 0.149975 0.00614136
  451 9.01 0.148826 0.00609429
  452 9.03 0.148931 0.00609859
  453 9.05 0.148253 0.00607082
  454 9.07 0.149097 0.00610541
  455 9.09 0.149326 0.00611476
  456 9.11 0.150276 0.00615364
  457 9.13 0.148856 0.0060955
  458 9.15 0.150263 0.00615311
  459 9.17 0.150776 0.00617414
  460 9.19 0.152013 0.00622481
  461 9.21 0.150006 0.00614259
  462 9.23 0.149923 0.00613923
  463 9.25 0.150469 0.00616159
  464 9.27 0.149464 0.00612041
  465 9.29 0.148454 0.00607908
  466 9.31 0.148301 0.00607277
  467 9.33 0.149267 0.00611235
  468 9.35 0.150168 0.00614924
  469 9.37 0.149511 0.00612232
  470 9.39 0.14991 0.00613866
  471 9.41 0.149409 0.00611816
  472 9.43 0.147884 0.00605571
  473 9.45 0.149505 0.00612207
  474 9.47 0.148983 0.00610072
  475 9.49 0.147614 0.00604468
  476 9.51 0.148419 0.0060776
  477 9.53 0.148673 0.006088
  478 9.55 0.149918 0.00613898
  479 9.57 0.149758 0.00613247
  480 9.59 0.149368 0.00611648
  481 9.61 0.148384 0.00607619
  482 9.63 0.148568 0.00608372
  483 9.65 0.149891 0.0061379
  484 9.67 0.151647 0.00620981
  485 9.69 0.152188 0.00623196
  486 9.71 0.153078 0.00626838
  487 9.73 0.152632 0.00625014
  488 9.75 0.151033 0.00618466
  489 9.77 0.14987 0.00613702
  490 9.79 0.149885 0.00613765
  491 9.81 0.15291 0.00626154
  492 9.83 0.150099 0.00614642
  493 9.85 0.150941 0.0061809
  494 9.87 0.150726 0.00617211
  495 9.89 0.151032 0.00618462
  496 9.91 0.152514 0.00624531
  497 9.93 0.150898 0.00617913
  498 9.95 0.15213 0.0062296
  499 9.97 0.153929 0.00630323
  500 9.99 0.153601 0.00628982
  501 10.01 0.152076 0.00622737
  502 10.03 0.151743 0.00621372
  503 10.05 0.153306 0.00627774
  504 10.07 0.15455 0.00632866
  505 10.09 0.152255 0.0062347
  506 10.11 0.152641 0.00625049
  507 10.13 0.151875 0.00621912
  508 10.15 0.150322 0.00615555
  509 10.17 0.153267 0.00627614
  510 10.19 0.153123 0.00627025
  511 10.21 0.152428 0.00624179
  512 10.23 0.15242 0.00624146
  513 10.25 0.150971 0.00618212
  514 10.27 0.151377 0.00619877
  515 10.29 0.152246 0.00623433
  516 10.31 0.152069 0.00622707
  517 10.33 0.151117 0.0061881
  518 10.35 0.151232 0.00619279
  519 10.37 0.150412 0.00615921
  520 10.39 0.149455 0.00612002
  521 10.41 0.150596 0.00616679
  522 10.43 0.150335 0.00615608
  523 10.45 0.151765 0.00621464
  524 10.47 0.151507 0.00620407
  525 10.49 0.151858 0.00621845
  526 10.51 0.15321 0.00627383
  527 10.53 0.153484 0.00628501
  528 10.55 0.154235 0.00631578
  529 10.57 0.153559 0.00628808
  530 10.59 0.153791 0.00629762
  531 10.61 0.153395 0.00628136
  532 10.63 0.15388 0.00630122
  533 10.65 0.154456 0.00632481
  534 10.67 0.151866 0.00621875
  535 10.69 0.153111 0.00626973
  536 10.71 0.152169 0.00623118
  537 10.73 0.154153 0.0063124
  538 10.75 0.151778 0.00621517
  539 10.77 0.151173 0.00619042
  540 10.79 0.151887 0.00621963
  541 10.81 0.151303 0.00619574
  542 10.83 0.15366 0.00629224
  543 10.85 0.154201 0.00631439
  544 10.87 0.154317 0.00631914
  545 10.89 0.150486 0.00616226
  546 10.91 0.150625 0.00616798
  547 10.93 0.149492 0.00612154
  548 10.95 0.149501 0.00612193
  549 10.97 0.149801 0.00613419
  550 10.99 0.149312 0.00611417
  551 11.01 0.150034 0.00614375
  552 11.03 0.149662 0.0061285
  553 11.05 0.149158 0.00610786
  554 11.07 0.151192 0.00619119
  555 11.09 0.149589 0.00612553
  556 11.11 0.148785 0.00609263
  557 11.13 0.149355 0.00611595
  558 11.15 0.149825 0.0061352
  559 11.17 0.150335 0.00615606
  560 11.19 0.151701 0.006212
  561 11.21 0.149584 0.00612531
  562 11.23 0.149046 0.0061033
  563 11.25 0.149545 0.00612373
  564 11.27 0.150224 0.00615156
  565 11.29 0.150924 0.00618018
  566 11.31 0.149984 0.00614173
  567 11.33 0.150476 0.00616183
  568 11.35 0.151561 0.0062063
  569 11.37 0.15144 0.00620135
  570 11.39 0.152374 0.00623958
  571 11.41 0.15086 0.00617758
  572 11.43 0.152291 0.00623618
  573 11.45 0.152375 0.00623962
  574 11.47 0.151834 0.00621746
  575 11.49 0.150799 0.00617508
  576 11.51 0.149362 0.00611624
  577 11.53 0.150027 0.00614345
  578 11.55 0.150293 0.00615434
  579 11.57 0.149966 0.00614095
  580 11.59 0.150906 0.00617946
  581 11.61 0.151452 0.0062018
  582 11.63 0.151798 0.00621601
  583 11.65 0.150617 0.00616763
  584 11.67 0.151274 0.00619451
  585 11.69 0.148635 0.00608647
  586 11.71 0.148607 0.0060853
  587 11.73 0.15009 0.00614603
  588 11.75 0.151001 0.00618335
  589 11.77 0.149818 0.00613491
  590 11.79 0.150933 0.00618055
  591 11.81 0.151053 0.00618546
  592 11.83 0.149579 0.00612514
  593 11.85 0.149071 0.0061043
  594 11.87 0.147872 0.00605522
  595 11.89 0.14845 0.00607891
  596 11.91 0.149 0.00610141
  597 11.93 0.149868 0.00613694
  598 11.95 0.149947 0.00614017
  599 11.97 0.152032 0.00622555
  600 11.99 0.15184 0.00621771
  601 12.01 0.150239 0.00615213
  602 12.03 0.151309 0.00619599
  603 12.05 0.150732 0.00617232
  604 12.07 0.148896 0.00609713
  605 12.09 0.148599 0.00608497
  606 12.11 0.149434 0.00611919
  607 12.13 0.150461 0.00616124
  608 12.15 0.148257 0.00607097
  609 12.17 0.148401 0.00607691
  610 12.19 0.147821 0.00605313
  611 12.21 0.14843 0.00607807
  612 12.23 0.150532 0.00616415
  613 12.25 0.14973 0.00613131
  614 12.27 0.149008 0.00610174
  615 12.29 0.146359 0.00599325
  616 12.31 0.146978 0.00601863
  617 12.33 0.148073 0.00606343
  618 12.35 0.148482 0.00608018
  619 12.37 0.148441 0.00607854
  620 12.39 0.14901 0.00610182
  621 12.41 0.149138 0.00610704
  622 12.43 0.147042 0.00602121
  623 12.45 0.148698 0.00608905
  624 12.47 0.149874 0.0061372
  625 12.49 0.149876 0.00613726
  626 12.51 0.149922 0.00613917
  627 12.53 0.14855 0.00608299
  628 12.55 0.149529 0.00612306
  629 12.57 0.149138 0.00610708
  630 12.59 0.150575 0.00616589
  631 12.61 0.15058 0.00616611
  632 12.63 0.149587 0.00612547
  633 12.65 0.149334 0.00611509
  634 12.67 0.150686 0.00617045
  635 12.69 0.152064 0.00622688
  636 12.71 0.151282 0.00619484
  637 12.73 0.151676 0.00621101
  638 12.75 0.151319 0.00619637
  639 12.77 0.152325 0.00623757
  640 12.79 0.151114 0.00618798
  641 12.81 0.151567 0.00620655
  642 12.83 0.150515 0.00616345
  643 12.85 0.149904 0.00613841
  644 12.87 0.148913 0.00609783
  645 12.89 0.147292 0.00603147
  646 12.91 0.145485 0.00595746
  647 12.93 0.146643 0.00600488
  648 12.95 0.149422 0.00611869
  649 12.97 0.148783 0.00609253
  650 12.99 0.149304 0.00611386
  651 13.01 0.148298 0.00607267
  652 13.03 0.148856 0.00609552
  653 13.05 0.147378 0.00603501
  654 13.07 0.148678 0.00608823
  655 13.09 0.148079 0.00606372
  656 13.11 0.148169 0.00606738
  657 13.13 0.148963 0.00609988
  658 13.15 0.149352 0.00611581
  659 13.17 0.150122 0.00614736
  660 13.19 0.149996 0.00614218
  661 13.21 0.150036 0.00614384
  662 13.23 0.150015 0.00614298
  663 13.25 0.1496 0.00612596
  664 13.27 0.149986 0.00614177
  665 13.29 0.150713 0.00617156
  666 13.31 0.150635 0.00616834
  667 13.33 0.150261 0.00615305
  668 13.35 0.153134 0.0062707
  669 13.37 0.149551 0.00612396
  670 13.39 0.150994 0.00618307
  671 13.41 0.152645 0.00625065
  672 13.43 0.15125 0.00619355
  673 13.45 0.15037 0.00615751
  674 13.47 0.150035 0.00614378
  675 13.49 0.151759 0.00621437
  676 13.51 0.15219 0.00623202
  677 13.53 0.150944 0.00618102
  678 13.55 0.152455 0.00624287
  679 13.57 0.150415 0.00615938
  680 13.59 0.148406 0.00607709
  681 13.61 0.151354 0.00619779
  682 13.63 0.151345 0.00619744
  683 13.65 0.152255 0.00623472
  684 13.67 0.148852 0.00609535
  685 13.69 0.149287 0.00611319
  686 13.71 0.148865 0.00609591
  687 13.73 0.148437 0.00607836
  688 13.75 0.149194 0.00610938
  689 13.77 0.149133 0.00610686
  690 13.79 0.150115 0.00614709
  691 13.81 0.150741 0.00617271
  692 13.83 0.147808 0.00605258
  693 13.85 0.14721 0.00602809
  694 13.87 0.147867 0.00605502
  695 13.89 0.148052 0.00606259
  696 13.91 0.148726 0.00609021
  697 13.93 0.150895 0.00617901
  698 13.95 0.151895 0.00621994
  699 13.97 0.15101 0.0061837
  700 13.99 0.150277 0.00615371
  701 14.01 0.14939 0.00611738
  702 14.03 0.149508 0.0061222
  703 14.05 0.151079 0.00618657
  704 14.07 0.151226 0.00619257
  705 14.09 0.151974 0.00622318
  706 14.11 0.149645 0.00612783
  707 14.13 0.150411 0.00615919
  708 14.15 0.15242 0.00624146
  709 14.17 0.1521 0.00622838
  710 14.19 0.152854 0.00625923
  711 14.21 0.151689 0.00621155
  712 14.23 0.150157 0.00614879
  713 14.25 0.151833 0.00621742
  714 14.27 0.150377 0.0061578
  715 14.29 0.152396 0.00624048
  716 14.31 0.151817 0.00621679
  717 14.33 0.152788 0.00625655
  718 14.35 0.14969 0.00612967
  719 14.37 0.149825 0.00613522
  720 14.39 0.15282 0.00625784
  721 14.41 0.151581 0.00620708
  722 14.43 0.149574 0.00612492
  723 14.45 0.150431 0.00616001
  724 14.47 0.150668 0.0061697
  725 14.49 0.151498 0.0062037
  726 14.51 0.150234 0.00615194
  727 14.53 0.149076 0.00610455
  728 14.55 0.151614 0.00620847
  729 14.57 0.150592 0.0061666
  730 14.59 0.151365 0.00619824
  731 14.61 0.150992 0.00618298
  732 14.63 0.149643 0.00612776
  733 14.65 0.149914 0.00613886
  734 14.67 0.149833 0.0061355
  735 14.69 0.149047 0.00610332
  736 14.71 0.150708 0.00617135
  737 14.73 0.149324 0.0061147
  738 14.75 0.149118 0.00610627
  739 14.77 0.148119 0.00606534
  740 14.79 0.148347 0.00607467
  741 14.81 0.149503 0.00612201
  742 14.83 0.148571 0.00608385
  743 14.85 0.14882 0.00609404
  744 14.87 0.147129 0.0060248
  745 14.89 0.146727 0.00600834
  746 14.91 0.149702 0.00613014
  747 14.93 0.148855 0.00609546
  748 14.95 0.150962 0.00618176
  749 14.97 0.150847 0.00617707
  750 14.99 0.150505 0.00616306
  751 15.01 0.148018 0.0060612
  752 15.03 0.147538 0.00604155
  753 15.05 0.148734 0.0060905
  754 15.07 0.147907 0.00605668
  755 15.09 0.149269 0.00611243
  756 15.11 0.151115 0.00618804
  757 15.13 0.150935 0.00618065
  758 15.15 0.149592 0.00612568
  759 15.17 0.147811 0.0060527
  760 15.19 0.14854 0.00608258
  761 15.21 0.150036 0.00614384
  762 15.23 0.15028 0.00615383
  763 15.25 0.148491 0.00608059
  764 15.27 0.149044 0.00610319
  765 15.29 0.150741 0.00617271
  766 15.31 0.149136 0.006107
  767 15.33 0.149873 0.00613716
  768 15.35 0.148971 0.00610023
  769 15.37 0.149833 0.0061355
  770 15.39 0.149437 0.00611929
  771 15.41 0.149521 0.00612275
  772 15.43 0.1491 0.00610551
  773 15.45 0.149062 0.00610397
  774 15.47 0.149428 0.00611896
  775 15.49 0.149872 0.00613714
  776 15.51 0.150285 0.00615403
  777 15.53 0.149182 0.00610887
  778 15.55 0.147811 0.00605272
  779 15.57 0.148682 0.00608839
  780 15.59 0.148644 0.00608686
  781 15.61 0.149858 0.00613657
  782 15.63 0.148638 0.00608659
  783 15.65 0.150373 0.00615762
  784 15.67 0.151427 0.00620082
  785 15.69 0.151071 0.0061862
  786 15.71 0.149221 0.00611048
  787 15.73 0.148482 0.0060802
  788 15.75 0.14765 0.00604613
  789 15.77 0.147223 0.00602867
  790 15.79 0.148536 0.00608241
  791 15.81 0.147223 0.00602865
  792 15.83 0.148873 0.00609621
  793 15.85 0.14804 0.0060621
  794 15.87 0.14859 0.00608462
  795 15.89 0.148093 0.00606427
  796 15.91 0.148867 0.00609599
  797 15.93 0.148798 0.00609312
  798 15.95 0.151559 0.0062062
  799 15.97 0.147731 0.00604945
  800 15.99 0.149157 0.00610786
  801 16.01 0.15119 0.00619111
  802 16.03 0.149654 0.00612819
  803 16.05 0.147669 0.00604691
  804 16.07 0.149028 0.00610254
  805 16.09 0.149791 0.00613382
  806 16.11 0.147659 0.0060465
  807 16.13 0.148362 0.00607529
  808 16.15 0.147364 0.00603442
  809 16.17 0.147805 0.00605246
  810 16.19 0.146275 0.00598983
  811 16.21 0.145612 0.00596268
  812 16.23 0.14604 0.0059802
  813 16.25 0.146839 0.0060129
  814 16.27 0.149131 0.00610676
  815 16.29 0.147858 0.00605465
  816 16.31 0.148096 0.00606442
  817 16.33 0.150113 0.00614699
  818 16.35 0.149937 0.00613976
  819 16.37 0.147992 0.00606014
  820 16.39 0.147493 0.0060397
  821 16.41 0.147295 0.00603157
  822 16.43 0.147272 0.00603067
  823 16.45 0.144446 0.00591493
  824 16.47 0.145913 0.00597498
  825 16.49 0.146352 0.00599298
  826 16.51 0.146135 0.00598407
  827 16.53 0.145695 0.0059661
  828 16.55 0.146636 0.00600461
  829 16.57 0.145319 0.00595068
  830 16.59 0.146887 0.00601487
  831 16.61 0.147941 0.00605805
  832 16.63 0.149828 0.00613532
  833 16.65 0.149087 0.00610498
  834 16.67 0.145776 0.00596939
  835 16.69 0.147417 0.00603659
  836 16.71 0.14571 0.00596669
  837 16.73 0.145517 0.00595881
  838 16.75 0.145702 0.00596636
  839 16.77 0.146575 0.00600213
  840 16.79 0.144934 0.00593491
  841 16.81 0.147169 0.00602642
  842 16.83 0.147673 0.00604705
  843 16.85 0.147724 0.00604914
  844 16.87 0.147325 0.00603282
  845 16.89 0.148136 0.00606603
  846 16.91 0.147856 0.00605457
  847 16.93 0.147595 0.00604388
  848 16.95 0.148909 0.00609769
  849 16.97 0.149661 0.00612848
  850 16.99 0.149614 0.00612654
  851 17.01 0.149327 0.0061148
  852 17.03 0.146787 0.00601077
  853 17.05 0.148001 0.00606053
  854 17.07 0.148132 0.00606587
  855 17.09 0.150132 0.00614779
  856 17.11 0.147964 0.00605899
  857 17.13 0.146233 0.00598811
  858 17.15 0.146751 0.00600934
  859 17.17 0.148108 0.00606487
  860 17.19 0.147202 0.00602777
  861 17.21 0.147635 0.00604554
  862 17.23 0.147241 0.00602936
  863 17.25 0.14585 0.00597242
  864 17.27 0.146749 0.00600924
  865 17.29 0.147023 0.00602046
  866 17.31 0.146195 0.00598655
  867 17.33 0.147386 0.0060353
  868 17.35 0.14561 0.0059626
  869 17.37 0.146639 0.00600473
  870 17.39 0.14771 0.00604859
  871 17.41 0.149659 0.00612838
  872 17.43 0.149075 0.00610451
  873 17.45 0.14753 0.00604122
  874 17.47 0.14612 0.00598348
  875 17.49 0.145743 0.00596804
  876 17.51 0.145175 0.00594478
  877 17.53 0.145636 0.00596364
  878 17.55 0.145647 0.00596409
  879 17.57 0.145849 0.00597236
  880 17.59 0.147056 0.00602179
  881 17.61 0.146692 0.00600688
  882 17.63 0.14684 0.00601294
  883 17.65 0.146909 0.00601579
  884 17.67 0.146057 0.00598088
  885 17.69 0.146109 0.00598303
  886 17.71 0.145427 0.0059551
  887 17.73 0.146965 0.00601808
  888 17.75 0.146401 0.00599499
  889 17.77 0.146657 0.00600545
  890 17.79 0.147117 0.00602431
  891 17.81 0.146865 0.00601399
  892 17.83 0.145874 0.00597341
  893 17.85 0.145535 0.0059595
  894 17.87 0.146992 0.00601919
  895 17.89 0.146218 0.00598751
  896 17.91 0.144948 0.00593547
  897 17.93 0.144317 0.00590965
  898 17.95 0.144722 0.00592623
  899 17.97 0.144853 0.00593158
  900 17.99 0.144131 0.00590203
  901 18.01 0.145227 0.00594689
  902 18.03 0.146065 0.00598121
  903 18.05 0.146326 0.00599192
  904 18.07 0.145615 0.0059628
  905 18.09 0.145779 0.00596952
  906 18.11 0.145517 0.00595881
  907 18.13 0.146324 0.00599183
  908 18.15 0.147242 0.00602942
  909 18.17 0.14546 0.00595643
  910 18.19 0.143562 0.00587873
  911 18.21 0.144338 0.00591051
  912 18.23 0.145664 0.00596481
  913 18.25 0.147408 0.0060362
  914 18.27 0.14703 0.00602076
  915 18.29 0.144912 0.00593401
  916 18.31 0.145785 0.00596974
  917 18.33 0.14593 0.0059757
  918 18.35 0.145046 0.00593952
  919 18.37 0.144109 0.00590111
  920 18.39 0.145279 0.00594904
  921 18.41 0.145868 0.00597316
  922 18.43 0.146251 0.00598884
  923 18.45 0.146512 0.00599951
  924 18.47 0.147732 0.00604951
  925 18.49 0.147889 0.00605594
  926 18.51 0.146579 0.00600228
  927 18.53 0.145392 0.00595369
  928 18.55 0.147007 0.00601978
  929 18.57 0.146463 0.00599753
  930 18.59 0.147101 0.00602365
  931 18.61 0.146614 0.00600369
  932 18.63 0.149046 0.00610328
  933 18.65 0.147988 0.00605997
  934 18.67 0.147121 0.00602449
  935 18.69 0.147669 0.00604691
  936 18.71 0.145465 0.00595666
  937 18.73 0.144498 0.00591706
  938 18.75 0.144721 0.00592617
  939 18.77 0.144176 0.00590388
  940 18.79 0.144365 0.00591161
  941 18.81 0.144244 0.00590664
  942 18.83 0.14306 0.00585816
  943 18.85 0.1428 0.00584753
  944 18.87 0.14461 0.00592165
  945 18.89 0.143295 0.00586782
  946 18.91 0.146175 0.00598573
  947 18.93 0.146347 0.0059928
  948 18.95 0.148506 0.00608116
  949 18.97 0.146948 0.00601741
  950 18.99 0.146205 0.00598696
  951 19.01 0.145603 0.00596231
  952 19.03 0.14527 0.00594867
  953 19.05 0.144672 0.00592419
  954 19.07 0.146717 0.00600793
  955 19.09 0.14339 0.00587169
  956 19.11 0.145386 0.00595344
  957 19.13 0.141877 0.00580975
  958 19.15 0.143183 0.00586321
  959 19.17 0.144724 0.00592632
  960 19.19 0.145489 0.00595762
  961 19.21 0.145321 0.00595074
  962 19.23 0.144719 0.00592611
  963 19.25 0.145042 0.00593936
  964 19.27 0.144891 0.00593313
  965 19.29 0.146084 0.00598199
  966 19.31 0.145897 0.00597435
  967 19.33 0.14496 0.00593598
  968 19.35 0.145741 0.00596794
  969 19.37 0.144416 0.00591368
  970 19.39 0.143166 0.0058625
  971 19.41 0.1428 0.00584753
  972 19.43 0.144983 0.00593692
  973 19.45 0.145346 0.00595181
  974 19.47 0.143932 0.00589386
  975 19.49 0.14476 0.00592781
  976 19.51 0.14229 0.00582665
  977 19.53 0.144673 0.00592421
  978 19.55 0.144801 0.00592949
  979 19.57 0.144375 0.00591202
  980 19.59 0.144611 0.00592169
  981 19.61 0.145846 0.00597226
  982 19.63 0.145027 0.00593872
  983 19.65 0.144457 0.0059154
  984 19.67 0.144738 0.00592689
  985 19.69 0.14575 0.00596835
  986 19.71 0.146243 0.00598854
  987 19.73 0.144784 0.00592877
  988 19.75 0.145195 0.00594562
  989 19.77 0.146773 0.0060102
  990 19.79 0.145599 0.00596213
  991 19.81 0.143691 0.00588399
  992 19.83 0.143614 0.00588084
  993 19.85 0.143717 0.00588508
  994 19.87 0.143933 0.00589394
  995 19.89 0.144261 0.00590736
  996 19.91 0.145769 0.00596911
  997 19.93 0.145087 0.00594118
  998 19.95 0.145632 0.0059635
  999 19.97 0.145196 0.00594566
  1000 19.99 0.144586 0.00592068
  1001 20.01 0.146743 0.00600899
  1002 20.03 0.145576 0.00596122
  1003 20.05 0.145204 0.00594597
  1004 20.07 0.147314 0.00603237
  1005 20.09 0.147023 0.00602046
  1006 20.11 0.146484 0.00599837
  1007 20.13 0.146278 0.00598995
  1008 20.15 0.147513 0.00604052
  1009 20.17 0.145661 0.00596466
  1010 20.19 0.145154 0.00594392
  1011 20.21 0.145419 0.00595477
  1012 20.23 0.147034 0.00602089
  1013 20.25 0.146654 0.00600537
  1014 20.27 0.149031 0.00610268
  1015 20.29 0.146914 0.00601599
  1016 20.31 0.143404 0.00587226
  1017 20.33 0.144227 0.00590596
  1018 20.35 0.145175 0.00594478
  1019 20.37 0.144404 0.00591321
  1020 20.39 0.144829 0.00593064
  1021 20.41 0.144233 0.00590621
  1022 20.43 0.145561 0.00596059
  1023 20.45 0.144527 0.00591825
  1024 20.47 0.14367 0.00588313
  1025 20.49 0.143658 0.00588268
  1026 20.51 0.143327 0.00586911
  1027 20.53 0.14525 0.00594787
  1028 20.55 0.14633 0.00599206
  1029 20.57 0.145551 0.0059602
  1030 20.59 0.144641 0.0059229
  1031 20.61 0.144857 0.00593174
  1032 20.63 0.145468 0.00595676
  1033 20.65 0.143999 0.00589661
  1034 20.67 0.144287 0.0059084
  1035 20.69 0.143181 0.00586313
  1036 20.71 0.143217 0.0058646
  1037 20.73 0.145688 0.00596579
  1038 20.75 0.145476 0.00595713
  1039 20.77 0.143754 0.00588659
  1040 20.79 0.141597 0.00579825
  1041 20.81 0.142652 0.00584147
  1042 20.83 0.143304 0.00586817
  1043 20.85 0.144982 0.00593686
  1044 20.87 0.143504 0.00587636
  1045 20.89 0.145823 0.00597134
  1046 20.91 0.144096 0.00590062
  1047 20.93 0.143758 0.00588678
  1048 20.95 0.145648 0.00596415
  1049 20.97 0.14477 0.00592818
  1050 20.99 0.143419 0.00587288
  1051 21.01 0.143546 0.00587806
  1052 21.03 0.14321 0.00586434
  1053 21.05 0.143205 0.00586411
  1054 21.07 0.1452 0.00594583
  1055 21.09 0.146105 0.00598287
  1056 21.11 0.14519 0.00594542
  1057 21.13 0.143842 0.00589022
  1058 21.15 0.143462 0.00587464
  1059 21.17 0.142779 0.00584669
  1060 21.19 0.144269 0.0059077
  1061 21.21 0.143049 0.00585773
  1062 21.23 0.141215 0.0057826
  1063 21.25 0.14237 0.0058299
  1064 21.27 0.144493 0.00591686
  1065 21.29 0.142444 0.00583295
  1066 21.31 0.144057 0.00589898
  1067 21.33 0.145314 0.00595048
  1068 21.35 0.143714 0.00588496
  1069 21.37 0.143731 0.00588565
  1070 21.39 0.143883 0.00589186
  1071 21.41 0.142758 0.00584579
  1072 21.43 0.142039 0.00581637
  1073 21.45 0.14202 0.00581557
  1074 21.47 0.143694 0.00588412
  1075 21.49 0.143309 0.00586837
  1076 21.51 0.144263 0.00590742
  1077 21.53 0.14472 0.00592613
  1078 21.55 0.143639 0.00588189
  1079 21.57 0.143333 0.00586933
  1080 21.59 0.142902 0.00585173
  1081 21.61 0.144245 0.00590668
  1082 21.63 0.143861 0.00589098
  1083 21.65 0.146193 0.00598647
  1084 21.67 0.147531 0.00604126
  1085 21.69 0.147261 0.0060302
  1086 21.71 0.146647 0.00600506
  1087 21.73 0.145675 0.00596524
  1088 21.75 0.147385 0.00603526
  1089 21.77 0.145977 0.00597762
  1090 21.79 0.146572 0.00600197
  1091 21.81 0.146436 0.00599642
  1092 21.83 0.146409 0.00599529
  1093 21.85 0.14498 0.0059368
  1094 21.87 0.144248 0.00590682
  1095 21.89 0.144916 0.00593418
  1096 21.91 0.143964 0.00589521
  1097 21.93 0.143417 0.00587279
  1098 21.95 0.146031 0.00597982
  1099 21.97 0.145 0.0059376
  1100 21.99 0.147284 0.00603114
  1101 22.01 0.146287 0.00599034
  1102 22.03 0.144361 0.00591143
  1103 22.05 0.144816 0.00593008
  1104 22.07 0.143922 0.00589347
  1105 22.09 0.142786 0.00584696
  1106 22.11 0.144854 0.00593166
  1107 22.13 0.145775 0.00596933
  1108 22.15 0.145403 0.00595412
  1109 22.17 0.145325 0.00595093
  1110 22.19 0.147191 0.00602734
  1111 22.21 0.145826 0.00597146
  1112 22.23 0.143322 0.0058689
  1113 22.25 0.143514 0.00587679
  1114 22.27 0.142697 0.00584331
  1115 22.29 0.142102 0.00581897
  1116 22.31 0.142737 0.00584493
  1117 22.33 0.142741 0.00584513
  1118 22.35 0.143423 0.00587304
  1119 22.37 0.143745 0.00588625
  1120 22.39 0.141373 0.00578909
  1121 22.41 0.141473 0.00579317
  1122 22.43 0.141481 0.00579352
  1123 22.45 0.142744 0.00584524
  1124 22.47 0.142726 0.00584452
  1125 22.49 0.142579 0.0058385
  1126 22.51 0.140324 0.00574616
  1127 22.53 0.140506 0.00575357
  1128 22.55 0.140948 0.00577169
  1129 22.57 0.141342 0.00578783
  1130 22.59 0.140327 0.00574624
  1131 22.61 0.141419 0.00579098
  1132 22.63 0.142239 0.00582458
  1133 22.65 0.142223 0.00582388
  1134 22.67 0.140788 0.00576514
  1135 22.69 0.142342 0.00582875
  1136 22.71 0.142443 0.00583289
  1137 22.73 0.142154 0.00582108
  1138 22.75 0.141994 0.00581454
  1139 22.77 0.141239 0.00578361
  1140 22.79 0.141065 0.0057765
  1141 22.81 0.142066 0.00581745
  1142 22.83 0.142063 0.00581735
  1143 22.85 0.141947 0.00581258
  1144 22.87 0.141084 0.00577724
  1145 22.89 0.141271 0.00578492
  1146 22.91 0.141323 0.00578705
  1147 22.93 0.140963 0.00577229
  1148 22.95 0.141306 0.00578635
  1149 22.97 0.142076 0.00581786
  1150 22.99 0.142032 0.00581608
  1151 23.01 0.141721 0.00580332
  1152 23.03 0.139891 0.00572841
  1153 23.05 0.138579 0.00567468
  1154 23.07 0.140323 0.00574608
  1155 23.09 0.140573 0.00575632
  1156 23.11 0.140812 0.00576614
  1157 23.13 0.142099 0.00581882
  1158 23.15 0.141557 0.00579663
  1159 23.17 0.141787 0.00580607
  1160 23.19 0.143476 0.00587521
  1161 23.21 0.143164 0.00586243
  1162 23.23 0.142934 0.00585302
  1163 23.25 0.142801 0.00584757
  1164 23.27 0.143968 0.00589538
  1165 23.29 0.14277 0.0058463
  1166 23.31 0.14389 0.00589216
  1167 23.33 0.142558 0.0058376
  1168 23.35 0.142715 0.00584403
  1169 23.37 0.143504 0.00587638
  1170 23.39 0.143208 0.00586422
  1171 23.41 0.143721 0.00588522
  1172 23.43 0.144487 0.00591659
  1173 23.45 0.145786 0.00596978
  1174 23.47 0.143955 0.0058948
  1175 23.49 0.143604 0.00588045
  1176 23.51 0.140984 0.00577317
  1177 23.53 0.141366 0.00578881
  1178 23.55 0.142122 0.00581977
  1179 23.57 0.143442 0.0058738
  1180 23.59 0.142867 0.00585029
  1181 23.61 0.144341 0.00591063
  1182 23.63 0.144336 0.00591045
  1183 23.65 0.143866 0.00589118
  1184 23.67 0.143788 0.00588801
  1185 23.69 0.144407 0.00591331
  1186 23.71 0.147504 0.00604013
  1187 23.73 0.145396 0.00595383
  1188 23.75 0.144879 0.00593266
  1189 23.77 0.145103 0.00594183
  1190 23.79 0.142198 0.00582288
  1191 23.81 0.143657 0.00588262
  1192 23.83 0.145403 0.0059541
  1193 23.85 0.143742 0.00588608
  1194 23.87 0.14277 0.00584632
  1195 23.89 0.14345 0.00587413
  1196 23.91 0.14474 0.00592697
  1197 23.93 0.145516 0.00595877
  1198 23.95 0.145771 0.00596917
  1199 23.97 0.145076 0.00594073
  1200 23.99 0.143495 0.00587599
  1201 24.01 0.142994 0.00585547
  1202 24.03 0.142604 0.00583948
  1203 24.05 0.144985 0.00593702
  1204 24.07 0.145234 0.0059472
  1205 24.09 0.145306 0.00595015
  1206 24.11 0.145972 0.00597742
  1207 24.13 0.146257 0.00598907
  1208 24.15 0.145048 0.00593958
  1209 24.17 0.145731 0.00596757
  1210 24.19 0.147353 0.00603395
  1211 24.21 0.144925 0.00593457
  1212 24.23 0.145033 0.00593895
  1213 24.25 0.145103 0.00594183
  1214 24.27 0.147207 0.00602799
  1215 24.29 0.146148 0.00598461
  1216 24.31 0.147418 0.00603663
  1217 24.33 0.146379 0.00599411
  1218 24.35 0.145803 0.0059705
  1219 24.37 0.145145 0.00594353
  1220 24.39 0.145994 0.00597832
  1221 24.41 0.146058 0.00598092
  1222 24.43 0.144603 0.00592138
  1223 24.45 0.142838 0.00584909
  1224 24.47 0.141728 0.00580363
  1225 24.49 0.142645 0.0058412
  1226 24.51 0.143148 0.0058618
  1227 24.53 0.142023 0.00581571
  1228 24.55 0.142068 0.00581753
  1229 24.57 0.14167 0.00580126
  1230 24.59 0.141913 0.00581119
  1231 24.61 0.140366 0.00574786
  1232 24.63 0.138798 0.00568363
  1233 24.65 0.138761 0.00568214
  1234 24.67 0.138785 0.00568314
  1235 24.69 0.140597 0.00575732
  1236 24.71 0.140844 0.00576743
  1237 24.73 0.141142 0.00577964
  1238 24.75 0.141673 0.00580136
  1239 24.77 0.142835 0.00584894
  1240 24.79 0.142091 0.0058185
  1241 24.81 0.142035 0.0058162
  1242 24.83 0.141829 0.00580779
  1243 24.85 0.141978 0.00581385
  1244 24.87 0.141118 0.00577865
  1245 24.89 0.142766 0.00584612
  1246 24.91 0.142609 0.00583969
  1247 24.93 0.14221 0.00582337
  1248 24.95 0.141227 0.00578312
  1249 24.97 0.141806 0.00580683
  1250 24.99 0.142783 0.00584681
  1251 25.01 0.14367 0.00588313
  1252 25.03 0.141945 0.0058125
  1253 25.05 0.1412 0.00578201
  1254 25.07 0.142464 0.00583379
  1255 25.09 0.144203 0.00590496
  1256 25.11 0.142841 0.00584921
  1257 25.13 0.142924 0.00585261
  1258 25.15 0.143081 0.00585904
  1259 25.17 0.143119 0.00586059
  1260 25.19 0.14319 0.0058635
  1261 25.21 0.145126 0.00594278
  1262 25.23 0.146269 0.00598956
  1263 25.25 0.14474 0.00592699
  1264 25.27 0.144162 0.0059033
  1265 25.29 0.143645 0.00588213
  1266 25.31 0.143351 0.00587007
  1267 25.33 0.143304 0.00586815
  1268 25.35 0.143419 0.00587288
  1269 25.37 0.144529 0.00591835
  1270 25.39 0.142988 0.00585523
  1271 25.41 0.144854 0.00593164
  1272 25.43 0.143871 0.00589141
  1273 25.45 0.144495 0.00591694
  1274 25.47 0.143794 0.00588823
  1275 25.49 0.144171 0.00590367
  1276 25.51 0.145359 0.0059523
  1277 25.53 0.144037 0.0058982
  1278 25.55 0.144859 0.00593184
  1279 25.57 0.144018 0.00589743
  1280 25.59 0.144066 0.00589935
  1281 25.61 0.144832 0.00593072
  1282 25.63 0.14516 0.00594417
  1283 25.65 0.143659 0.0058827
  1284 25.67 0.142253 0.00582513
  1285 25.69 0.14356 0.00587863
  1286 25.71 0.144323 0.00590989
  1287 25.73 0.143339 0.00586958
  1288 25.75 0.143754 0.00588659
  1289 25.77 0.142835 0.00584894
  1290 25.79 0.142781 0.00584675
  1291 25.81 0.143249 0.00586594
  1292 25.83 0.143592 0.00587994
  1293 25.85 0.143452 0.00587423
  1294 25.87 0.142602 0.0058394
  1295 25.89 0.14153 0.00579552
  1296 25.91 0.140179 0.00574022
  1297 25.93 0.141719 0.00580326
  1298 25.95 0.141656 0.00580066
  1299 25.97 0.142406 0.00583137
  1300 25.99 0.141137 0.00577945
  1301 26.01 0.141278 0.00578523
  1302 26.03 0.141616 0.00579902
  1303 26.05 0.14285 0.00584956
  1304 26.07 0.144204 0.00590502
  1305 26.09 0.144715 0.00592593
  1306 26.11 0.142924 0.00585263
  1307 26.13 0.142855 0.00584978
  1308 26.15 0.142999 0.00585566
  1309 26.17 0.144447 0.00591497
  1310 26.19 0.144567 0.00591989
  1311 26.21 0.14387 0.00589132
  1312 26.23 0.142727 0.00584456
  1313 26.25 0.14262 0.00584018
  1314 26.27 0.140875 0.00576872
  1315 26.29 0.139946 0.00573066
  1316 26.31 0.141333 0.00578746
  1317 26.33 0.143627 0.00588137
  1318 26.35 0.14307 0.00585859
  1319 26.37 0.141194 0.00578176
  1320 26.39 0.141489 0.00579387
  1321 26.41 0.142794 0.00584728
  1322 26.43 0.142292 0.00582673
  1323 26.45 0.141265 0.00578467
  1324 26.47 0.14205 0.00581682
  1325 26.49 0.143162 0.00586233
  1326 26.51 0.1438 0.0058885
  1327 26.53 0.142775 0.00584648
  1328 26.55 0.142256 0.00582525
  1329 26.57 0.144274 0.00590789
  1330 26.59 0.14349 0.00587578
  1331 26.61 0.142846 0.00584941
  1332 26.63 0.140862 0.00576819
  1333 26.65 0.140607 0.00575773
  1334 26.67 0.140018 0.00573359
  1335 26.69 0.142911 0.00585207
  1336 26.71 0.142208 0.00582329
  1337 26.73 0.141425 0.00579122
  1338 26.75 0.140616 0.0057581
  1339 26.77 0.14277 0.00584628
  1340 26.79 0.140817 0.00576631
  1341 26.81 0.141622 0.00579931
  1342 26.83 0.14303 0.00585695
  1343 26.85 0.142367 0.0058298
  1344 26.87 0.142496 0.00583508
  1345 26.89 0.142717 0.00584411
  1346 26.91 0.14308 0.00585897
  1347 26.93 0.143236 0.00586538
  1348 26.95 0.145087 0.00594118
  1349 26.97 0.145078 0.00594079
  1350 26.99 0.145165 0.00594437
  1351 27.01 0.144435 0.0059145
  1352 27.03 0.14278 0.00584671
  1353 27.05 0.141767 0.00580523
  1354 27.07 0.144251 0.00590697
  1355 27.09 0.144046 0.00589857
  1356 27.11 0.144383 0.00591235
  1357 27.13 0.144378 0.00591213
  1358 27.15 0.143781 0.00588768
  1359 27.17 0.142298 0.00582699
  1360 27.19 0.141808 0.00580691
  1361 27.21 0.144047 0.00589861
  1362 27.23 0.143646 0.00588215
  1363 27.25 0.143234 0.00586532
  1364 27.27 0.144612 0.00592175
  1365 27.29 0.143426 0.00587318
  1366 27.31 0.143154 0.00586205
  1367 27.33 0.143731 0.00588567
  1368 27.35 0.142827 0.00584863
  1369 27.37 0.142778 0.00584663
  1370 27.39 0.143651 0.00588238
  1371 27.41 0.143961 0.00589509
  1372 27.43 0.144721 0.00592619
  1373 27.45 0.143155 0.00586209
  1374 27.47 0.142063 0.00581733
  1375 27.49 0.14349 0.00587576
  1376 27.51 0.14326 0.00586637
  1377 27.53 0.143129 0.00586102
  1378 27.55 0.143584 0.00587965
  1379 27.57 0.14258 0.00583854
  1380 27.59 0.14386 0.00589091
  1381 27.61 0.143356 0.0058703
  1382 27.63 0.145286 0.00594933
  1383 27.65 0.142622 0.00584022
  1384 27.67 0.143568 0.00587896
  1385 27.69 0.142614 0.00583991
  1386 27.71 0.143112 0.00586028
  1387 27.73 0.145539 0.00595967
  1388 27.75 0.144706 0.00592556
  1389 27.77 0.146466 0.00599765
  1390 27.79 0.144501 0.00591718
  1391 27.81 0.143263 0.00586649
  1392 27.83 0.143795 0.00588829
  1393 27.85 0.143846 0.00589034
  1394 27.87 0.143734 0.00588578
  1395 27.89 0.143261 0.00586641
  1396 27.91 0.145187 0.00594527
  1397 27.93 0.147559 0.00604239
  1398 27.95 0.147279 0.00603096
  1399 27.97 0.145607 0.00596249
  1400 27.99 0.145503 0.00595821
  1401 28.01 0.145143 0.00594345
  1402 28.03 0.144322 0.00590987
  1403 28.05 0.145939 0.00597607
  1404 28.07 0.147621 0.00604497
  1405 28.09 0.144639 0.00592283
  1406 28.11 0.144156 0.00590306
  1407 28.13 0.144311 0.00590942
  1408 28.15 0.145042 0.00593936
  1409 28.17 0.143821 0.00588934
  1410 28.19 0.143134 0.00586119
  1411 28.21 0.142722 0.00584431
  1412 28.23 0.142556 0.00583752
  1413 28.25 0.143855 0.00589075
  1414 28.27 0.143967 0.00589534
  1415 28.29 0.1436 0.00588029
  1416 28.31 0.144129 0.00590195
  1417 28.33 0.145729 0.00596747
  1418 28.35 0.146259 0.00598917
  1419 28.37 0.145828 0.00597152
  1420 28.39 0.145136 0.00594319
  1421 28.41 0.14533 0.00595113
  1422 28.43 0.14567 0.00596505
  1423 28.45 0.14504 0.00593923
  1424 28.47 0.143908 0.0058929
  1425 28.49 0.145359 0.00595232
  1426 28.51 0.144973 0.00593649
  1427 28.53 0.146002 0.00597865
  1428 28.55 0.145039 0.00593919
  1429 28.57 0.144494 0.00591688
  1430 28.59 0.144981 0.00593686
  1431 28.61 0.145434 0.00595539
  1432 28.63 0.145643 0.00596393
  1433 28.65 0.145152 0.00594386
  1434 28.67 0.144365 0.00591161
  1435 28.69 0.145785 0.00596974
  1436 28.71 0.145766 0.00596898
  1437 28.73 0.146134 0.00598405
  1438 28.75 0.146043 0.00598033
  1439 28.77 0.146999 0.00601949
  1440 28.79 0.145136 0.00594319
  1441 28.81 0.143475 0.00587519
  1442 28.83 0.143968 0.00589534
  1443 28.85 0.144631 0.00592251
  1444 28.87 0.146211 0.00598719
  1445 28.89 0.145299 0.00594984
  1446 28.91 0.144945 0.00593536
  1447 28.93 0.14381 0.00588891
  1448 28.95 0.14218 0.00582214
  1449 28.97 0.143325 0.00586901
  1450 28.99 0.144332 0.00591024
  1451 29.01 0.144798 0.00592935
  1452 29.03 0.145822 0.0059713
  1453 29.05 0.145987 0.00597803
  1454 29.07 0.144261 0.00590734
  1455 29.09 0.145981 0.00597779
  1456 29.11 0.144771 0.00592824
  1457 29.13 0.144531 0.00591841
  1458 29.15 0.145382 0.00595324
  1459 29.17 0.146068 0.00598137
  1460 29.19 0.144371 0.00591186
  1461 29.21 0.144195 0.00590467
  1462 29.23 0.144217 0.00590555
  1463 29.25 0.142413 0.00583166
  1464 29.27 0.143036 0.00585719
  1465 29.29 0.145124 0.00594269
  1466 29.31 0.143813 0.00588901
  1467 29.33 0.144648 0.00592318
  1468 29.35 0.144052 0.00589878
  1469 29.37 0.142203 0.00582306
  1470 29.39 0.14464 0.0059229
  1471 29.41 0.143473 0.00587509
  1472 29.43 0.14333 0.00586925
  1473 29.45 0.143333 0.00586935
  1474 29.47 0.14392 0.00589339
  1475 29.49 0.143805 0.00588868
  1476 29.51 0.144683 0.00592464
  1477 29.53 0.145681 0.00596548
  1478 29.55 0.14296 0.00585408
  1479 29.57 0.143831 0.00588975
  1480 29.59 0.144074 0.0058997
  1481 29.61 0.144187 0.00590433
  1482 29.63 0.144443 0.00591481
  1483 29.65 0.144217 0.00590555
  1484 29.67 0.143505 0.00587638
  1485 29.69 0.142779 0.00584667
  1486 29.71 0.14219 0.00582253
  1487 29.73 0.141186 0.00578142
  1488 29.75 0.141895 0.00581047
  1489 29.77 0.142072 0.0058177
  1490 29.79 0.143506 0.00587644
  1491 29.81 0.141909 0.00581104
  1492 29.83 0.141971 0.00581358
  1493 29.85 0.141345 0.00578793
  1494 29.87 0.141252 0.00578414
  1495 29.89 0.142127 0.00581997
  1496 29.91 0.141703 0.00580261
  1497 29.93 0.140843 0.00576737
  1498 29.95 0.140973 0.00577272
  1499 29.97 0.140626 0.00575849
  1500 29.99 0.143453 0.00587425
  1501 30.01 0.142583 0.00583866
  1502 30.03 0.144894 0.00593328
  1503 30.05 0.144342 0.00591065
  1504 30.07 0.143411 0.00587257
  1505 30.09 0.144617 0.00592195
  1506 30.11 0.144666 0.00592396
  1507 30.13 0.14345 0.00587415
  1508 30.15 0.14339 0.00587167
  1509 30.17 0.14346 0.00587456
  1510 30.19 0.143997 0.00589655
  1511 30.21 0.14468 0.00592451
  1512 30.23 0.143608 0.0058806
  1513 30.25 0.14429 0.00590852
  1514 30.27 0.143171 0.00586272
  1515 30.29 0.144028 0.00589781
  1516 30.31 0.142807 0.00584782
  1517 30.33 0.142457 0.00583346
  1518 30.35 0.143886 0.005892
  1519 30.37 0.141599 0.00579835
  1520 30.39 0.143079 0.00585893
  1521 30.41 0.143685 0.00588379
  1522 30.43 0.143397 0.00587198
  1523 30.45 0.142947 0.00585355
  1524 30.47 0.143559 0.00587859
  1525 30.49 0.14441 0.00591344
  1526 30.51 0.144739 0.00592691
  1527 30.53 0.145744 0.00596806
  1528 30.55 0.145048 0.00593958
  1529 30.57 0.14456 0.00591962
  1530 30.59 0.14412 0.00590156
  1531 30.61 0.143387 0.00587159
  1532 30.63 0.143801 0.00588854
  1533 30.65 0.14514 0.00594335
  1534 30.67 0.143682 0.00588365
  1535 30.69 0.143931 0.00589386
  1536 30.71 0.142304 0.0058272
  1537 30.73 0.144763 0.00592789
  1538 30.75 0.145567 0.00596084
  1539 30.77 0.144652 0.00592339
  1540 30.79 0.144105 0.00590095
  1541 30.81 0.145562 0.00596063
  1542 30.83 0.14552 0.00595893
  1543 30.85 0.146624 0.0060041
  1544 30.87 0.14597 0.00597734
  1545 30.89 0.145248 0.00594777
  1546 30.91 0.145461 0.00595647
  1547 30.93 0.144665 0.0059239
  1548 30.95 0.143592 0.00587996
  1549 30.97 0.144798 0.00592935
  1550 30.99 0.144848 0.00593137
  1551 31.01 0.145196 0.00594566
  1552 31.03 0.144851 0.00593152
  1553 31.05 0.145416 0.00595465
  1554 31.07 0.14431 0.00590936
  1555 31.09 0.144511 0.00591757
  1556 31.11 0.144583 0.00592054
  1557 31.13 0.145394 0.00595375
  1558 31.15 0.143817 0.00588915
  1559 31.17 0.144475 0.00591612
  1560 31.19 0.143239 0.00586551
  1561 31.21 0.144773 0.00592834
  1562 31.23 0.143641 0.00588197
  1563 31.25 0.143503 0.00587632
  1564 31.27 0.146021 0.00597943
  1565 31.29 0.144599 0.00592122
  1566 31.31 0.144618 0.00592197
  1567 31.33 0.144155 0.00590302
  1568 31.35 0.142225 0.005824
  1569 31.37 0.142646 0.00584122
  1570 31.39 0.14367 0.00588313
  1571 31.41 0.144849 0.00593145
  1572 31.43 0.145274 0.00594882
  1573 31.45 0.144048 0.00589865
  1574 31.47 0.14463 0.00592245
  1575 31.49 0.143728 0.00588553
  1576 31.51 0.145379 0.00595312
  1577 31.53 0.144488 0.00591665
  1578 31.55 0.145625 0.00596321
  1579 31.57 0.14452 0.00591796
  1580 31.59 0.143169 0.00586266
  1581 31.61 0.143544 0.00587797
  1582 31.63 0.145618 0.00596292
  1583 31.65 0.145183 0.00594511
  1584 31.67 0.143817 0.00588915
  1585 31.69 0.146066 0.00598125
  1586 31.71 0.145961 0.00597697
  1587 31.73 0.146241 0.00598846
  1588 31.75 0.145054 0.00593983
  1589 31.77 0.144925 0.00593455
  1590 31.79 0.147419 0.00603669
  1591 31.81 0.145897 0.00597437
  1592 31.83 0.145781 0.00596962
  1593 31.85 0.146739 0.00600885
  1594 31.87 0.146869 0.00601415
  1595 31.89 0.144756 0.00592761
  1596 31.91 0.144428 0.00591419
  1597 31.93 0.145994 0.00597834
  1598 31.95 0.147414 0.00603647
  1599 31.97 0.146812 0.00601182
  1600 31.99 0.146887 0.00601489
  1601 32.01 0.146372 0.0059938
  1602 32.03 0.146808 0.00601167
  1603 32.05 0.145294 0.00594966
  1604 32.07 0.145119 0.00594249
  1605 32.09 0.147388 0.00603538
  1606 32.11 0.146196 0.00598659
  1607 32.13 0.147867 0.00605504
  1608 32.15 0.146922 0.00601634
  1609 32.17 0.14526 0.00594826
  1610 32.19 0.14523 0.00594701
  1611 32.21 0.145799 0.00597034
  1612 32.23 0.144644 0.00592304
  1613 32.25 0.144115 0.00590138
  1614 32.27 0.143767 0.00588715
  1615 32.29 0.143394 0.00587185
  1616 32.31 0.144256 0.00590713
  1617 32.33 0.144926 0.00593459
  1618 32.35 0.146316 0.00599153
  1619 32.37 0.146247 0.00598868
  1620 32.39 0.146601 0.00600318
  1621 32.41 0.147752 0.00605029
  1622 32.43 0.146024 0.00597955
  1623 32.45 0.145366 0.00595258
  1624 32.47 0.14632 0.00599167
  1625 32.49 0.146998 0.00601941
  1626 32.51 0.14652 0.00599986
  1627 32.53 0.145958 0.00597687
  1628 32.55 0.145964 0.00597709
  1629 32.57 0.148674 0.00608806
  1630 32.59 0.148807 0.00609349
  1631 32.61 0.148052 0.00606257
  1632 32.63 0.147812 0.00605277
  1633 32.65 0.149609 0.00612633
  1634 32.67 0.148595 0.00608483
  1635 32.69 0.148911 0.00609777
  1636 32.71 0.148106 0.00606483
  1637 32.73 0.147183 0.00602703
  1638 32.75 0.147081 0.00602281
  1639 32.77 0.146203 0.00598688
  1640 32.79 0.147516 0.00604062
  1641 32.81 0.14915 0.00610758
  1642 32.83 0.149256 0.0061119
  1643 32.85 0.147391 0.00603555
  1644 32.87 0.148416 0.00607752
  1645 32.89 0.14764 0.00604572
  1646 32.91 0.147594 0.00604384
  1647 32.93 0.147629 0.00604527
  1648 32.95 0.14581 0.00597079
  1649 32.97 0.147219 0.00602848
  1650 32.99 0.149124 0.00610649
  1651 33.01 0.145937 0.00597597
  1652 33.03 0.146869 0.00601415
  1653 33.05 0.14803 0.00606169
  1654 33.07 0.146814 0.0060119
  1655 33.09 0.146783 0.00601061
  1656 33.11 0.14614 0.00598428
  1657 33.13 0.145788 0.00596991
  1658 33.15 0.148574 0.00608397
  1659 33.17 0.148482 0.00608018
  1660 33.19 0.147197 0.00602758
  1661 33.21 0.146076 0.00598168
  1662 33.23 0.145573 0.00596106
  1663 33.25 0.146766 0.00600993
  1664 33.27 0.147731 0.00604945
  1665 33.29 0.14843 0.00607807
  1666 33.31 0.146994 0.00601929
  1667 33.33 0.146921 0.00601628
  1668 33.35 0.148084 0.00606388
  1669 33.37 0.146691 0.00600686
  1670 33.39 0.145583 0.00596149
  1671 33.41 0.14763 0.00604533
  1672 33.43 0.146845 0.00601315
  1673 33.45 0.149052 0.00610352
  1674 33.47 0.14891 0.00609771
  1675 33.49 0.14883 0.00609447
  1676 33.51 0.148147 0.00606646
  1677 33.53 0.148232 0.00606998
  1678 33.55 0.148266 0.00607138
  1679 33.57 0.147154 0.0060258
  1680 33.59 0.148595 0.00608485
  1681 33.61 0.148919 0.00609808
  1682 33.63 0.147821 0.00605311
  1683 33.65 0.149573 0.00612488
  1684 33.67 0.150822 0.00617604
  1685 33.69 0.150346 0.00615653
  1686 33.71 0.148462 0.0060794
  1687 33.73 0.147378 0.00603497
  1688 33.75 0.149333 0.00611507
  1689 33.77 0.148275 0.00607173
  1690 33.79 0.148857 0.00609556
  1691 33.81 0.149002 0.00610152
  1692 33.83 0.148908 0.00609765
  1693 33.85 0.149849 0.00613618
  1694 33.87 0.149014 0.00610199
  1695 33.89 0.149175 0.0061086
  1696 33.91 0.148491 0.00608055
  1697 33.93 0.14805 0.00606253
  1698 33.95 0.149666 0.00612869
  1699 33.97 0.150151 0.00614855
  1700 33.99 0.149415 0.00611841
  1701 34.01 0.148488 0.00608043
  1702 34.03 0.147756 0.00605047
  1703 34.05 0.148996 0.00610125
  1704 34.07 0.14929 0.00611329
  1705 34.09 0.148687 0.00608858
  1706 34.11 0.149271 0.00611251
  1707 34.13 0.14881 0.00609363
  1708 34.15 0.148592 0.00608469
  1709 34.17 0.148547 0.00608288
  1710 34.19 0.146982 0.00601876
  1711 34.21 0.148661 0.00608751
  1712 34.23 0.147403 0.00603602
  1713 34.25 0.148545 0.0060828
  1714 34.27 0.147758 0.00605053
  1715 34.29 0.145701 0.0059663
  1716 34.31 0.143982 0.00589591
  1717 34.33 0.145681 0.00596548
  1718 34.35 0.145691 0.00596591
  1719 34.37 0.145205 0.00594603
  1720 34.39 0.143917 0.00589329
  1721 34.41 0.145656 0.0059645
  1722 34.43 0.143251 0.005866
  1723 34.45 0.144109 0.00590113
  1724 34.47 0.145892 0.00597414
  1725 34.49 0.146547 0.00600097
  1726 34.51 0.145998 0.00597846
  1727 34.53 0.145187 0.0059453
  1728 34.55 0.146405 0.00599515
  1729 34.57 0.146342 0.00599257
  1730 34.59 0.146886 0.00601483
  1731 34.61 0.146923 0.00601636
  1732 34.63 0.14482 0.00593025
  1733 34.65 0.145899 0.00597445
  1734 34.67 0.144195 0.00590467
  1735 34.69 0.144512 0.00591763
  1736 34.71 0.14363 0.0058815
  1737 34.73 0.144963 0.00593608
  1738 34.75 0.145031 0.00593891
  1739 34.77 0.146627 0.00600422
  1740 34.79 0.146994 0.00601925
  1741 34.81 0.146759 0.00600965
  1742 34.83 0.145989 0.00597814
  1743 34.85 0.147579 0.00604325
  1744 34.87 0.146723 0.00600817
  1745 34.89 0.14772 0.00604898
  1746 34.91 0.146126 0.00598371
  1747 34.93 0.146338 0.00599241
  1748 34.95 0.0231755 0.000949015
